14:52:17.964 [main] INFO  com.zbjdl.oa.wx.OaWxAppApplication - Starting OaWxAppApplication on localhost with PID 4639 (/Users/zhengy/Documents/github_zbjdl/zbjdl-oa/oa-wx/target/classes started by zhengy in /Users/zhengy/Documents/github_zbjdl/zbjdl-oa/oa-wx)
14:52:17.968 [main] INFO  com.zbjdl.oa.wx.OaWxAppApplication - The following profiles are active: production
14:52:18.040 [pool-1-thread-1] INFO  o.h.validator.internal.util.Version - HV000001: Hibernate Validator 5.2.2.Final
14:52:18.076 [main] INFO  o.s.b.c.e.AnnotationConfigEmbeddedWebApplicationContext - Refreshing org.springframework.boot.context.embedded.AnnotationConfigEmbeddedWebApplicationContext@7aeeb9b1: startup date [Mon Jan 28 14:52:18 CST 2019]; root of context hierarchy
14:52:20.119 [main] INFO  o.s.b.f.xml.XmlBeanDefinitionReader - Loading XML bean definitions from class path resource [spring/applicationContext-consumer.xml]
14:52:20.461 [main] INFO  o.s.b.f.s.DefaultListableBeanFactory - Overriding bean definition for bean 'beanNameViewResolver' with a different definition: replacing [Root bean: class [null]; scope=; abstract=false; lazyInit=false; autowireMode=3; dependencyCheck=0; autowireCandidate=true; primary=false; factoryBeanName=org.springframework.boot.autoconfigure.web.ErrorMvcAutoConfiguration$WhitelabelErrorViewConfiguration; factoryMethodName=beanNameViewResolver; initMethodName=null; destroyMethodName=(inferred); defined in class path resource [org/springframework/boot/autoconfigure/web/ErrorMvcAutoConfiguration$WhitelabelErrorViewConfiguration.class]] with [Root bean: class [null]; scope=; abstract=false; lazyInit=false; autowireMode=3; dependencyCheck=0; autowireCandidate=true; primary=false; factoryBeanName=org.springframework.boot.autoconfigure.web.WebMvcAutoConfiguration$WebMvcAutoConfigurationAdapter; factoryMethodName=beanNameViewResolver; initMethodName=null; destroyMethodName=(inferred); defined in class path resource [org/springframework/boot/autoconfigure/web/WebMvcAutoConfiguration$WebMvcAutoConfigurationAdapter.class]]
14:52:20.675 [main] INFO  o.s.b.f.s.DefaultListableBeanFactory - Overriding bean definition for bean 'characterEncodingFilter' with a different definition: replacing [Root bean: class [null]; scope=; abstract=false; lazyInit=false; autowireMode=3; dependencyCheck=0; autowireCandidate=true; primary=false; factoryBeanName=webConfiguration; factoryMethodName=characterEncodingFilter; initMethodName=null; destroyMethodName=(inferred); defined in class path resource [com/zbjdl/oa/wx/configuration/WebConfiguration.class]] with [Root bean: class [null]; scope=; abstract=false; lazyInit=false; autowireMode=3; dependencyCheck=0; autowireCandidate=true; primary=false; factoryBeanName=org.springframework.boot.autoconfigure.web.HttpEncodingAutoConfiguration; factoryMethodName=characterEncodingFilter; initMethodName=null; destroyMethodName=(inferred); defined in class path resource [org/springframework/boot/autoconfigure/web/HttpEncodingAutoConfiguration.class]]
14:52:21.598 [main] INFO  o.s.c.s.PostProcessorRegistrationDelegate$BeanPostProcessorChecker - Bean 'com.zbjdl.common.utils.springboot.autoconfigure.dubbo.DubboAutoConfiguration$ServerPropertiesConfiguration' of type [class com.zbjdl.common.utils.springboot.autoconfigure.dubbo.DubboAutoConfiguration$ServerPropertiesConfiguration$$EnhancerBySpringCGLIB$$864fb295] is not eligible for getting processed by all BeanPostProcessors (for example: not eligible for auto-proxying)
14:52:21.825 [main] INFO  o.s.c.s.PostProcessorRegistrationDelegate$BeanPostProcessorChecker - Bean 'org.hibernate.validator.internal.constraintvalidators.bv.NotNullValidator' of type [class org.hibernate.validator.internal.constraintvalidators.bv.NotNullValidator] is not eligible for getting processed by all BeanPostProcessors (for example: not eligible for auto-proxying)
14:52:21.831 [main] INFO  o.s.c.s.PostProcessorRegistrationDelegate$BeanPostProcessorChecker - Bean 'serverProperties' of type [class org.springframework.boot.autoconfigure.web.ServerProperties] is not eligible for getting processed by all BeanPostProcessors (for example: not eligible for auto-proxying)
14:52:21.852 [main] INFO  o.s.c.s.PostProcessorRegistrationDelegate$BeanPostProcessorChecker - Bean 'zbjdl.dubbo.CONFIGURATION_PROPERTIES' of type [class com.zbjdl.common.utils.springboot.autoconfigure.dubbo.DubboProperties] is not eligible for getting processed by all BeanPostProcessors (for example: not eligible for auto-proxying)
14:52:21.854 [main] INFO  o.s.c.s.PostProcessorRegistrationDelegate$BeanPostProcessorChecker - Bean 'com.zbjdl.common.utils.springboot.autoconfigure.dubbo.DubboAutoConfiguration' of type [class com.zbjdl.common.utils.springboot.autoconfigure.dubbo.DubboAutoConfiguration$$EnhancerBySpringCGLIB$$33348099] is not eligible for getting processed by all BeanPostProcessors (for example: not eligible for auto-proxying)
14:52:21.881 [main] INFO  o.s.c.s.PostProcessorRegistrationDelegate$BeanPostProcessorChecker - Bean 'consumerConfig' of type [class com.alibaba.dubbo.config.ConsumerConfig] is not eligible for getting processed by all BeanPostProcessors (for example: not eligible for auto-proxying)
14:52:21.902 [main] INFO  o.s.c.s.PostProcessorRegistrationDelegate$BeanPostProcessorChecker - Bean 'application' of type [class com.alibaba.dubbo.config.ApplicationConfig] is not eligible for getting processed by all BeanPostProcessors (for example: not eligible for auto-proxying)
14:52:21.915 [main] INFO  o.s.c.s.PostProcessorRegistrationDelegate$BeanPostProcessorChecker - Bean 'registry' of type [class com.alibaba.dubbo.config.RegistryConfig] is not eligible for getting processed by all BeanPostProcessors (for example: not eligible for auto-proxying)
14:52:21.920 [main] INFO  o.s.c.s.PostProcessorRegistrationDelegate$BeanPostProcessorChecker - Bean 'weixinUserService' of type [class com.alibaba.dubbo.config.spring.ReferenceBean] is not eligible for getting processed by all BeanPostProcessors (for example: not eligible for auto-proxying)
14:52:21.926 [main] INFO  o.s.c.s.PostProcessorRegistrationDelegate$BeanPostProcessorChecker - Bean 'org.springframework.transaction.annotation.ProxyTransactionManagementConfiguration' of type [class org.springframework.transaction.annotation.ProxyTransactionManagementConfiguration$$EnhancerBySpringCGLIB$$57acc264] is not eligible for getting processed by all BeanPostProcessors (for example: not eligible for auto-proxying)
14:52:22.264 [main] INFO  o.s.b.c.e.t.TomcatEmbeddedServletContainer - Tomcat initialized with port(s): 9025 (http)
14:52:22.275 [main] INFO  org.apache.catalina.core.StandardService - Starting service Tomcat
14:52:22.277 [main] INFO  org.apache.catalina.core.StandardEngine - Starting Servlet Engine: Apache Tomcat/8.0.30
14:52:22.952 [localhost-startStop-1] INFO  org.apache.jasper.servlet.TldScanner - At least one JAR was scanned for TLDs yet contained no TLDs. Enable debug logging for this logger for a complete list of JARs that were scanned but no TLDs were found in them. Skipping unneeded JARs during scanning can improve startup time and JSP compilation time.
14:52:22.960 [localhost-startStop-1] INFO  o.a.c.c.C.[Tomcat].[localhost].[/oa-wx] - Initializing Spring embedded WebApplicationContext
14:52:22.961 [localhost-startStop-1] INFO  o.s.web.context.ContextLoader - Root WebApplicationContext: initialization completed in 4885 ms
14:52:23.860 [localhost-startStop-1] INFO  o.s.b.c.embedded.FilterRegistrationBean - Mapping filter: 'characterEncodingFilter' to: [/*]
14:52:23.861 [localhost-startStop-1] INFO  o.s.b.c.embedded.FilterRegistrationBean - Mapping filter: 'metricFilter' to: [/*]
14:52:23.861 [localhost-startStop-1] INFO  o.s.b.c.embedded.FilterRegistrationBean - Mapping filter: 'springSessionRepositoryFilter' to: [/*]
14:52:23.861 [localhost-startStop-1] INFO  o.s.b.c.embedded.FilterRegistrationBean - Mapping filter: 'hiddenHttpMethodFilter' to: [/*]
14:52:23.861 [localhost-startStop-1] INFO  o.s.b.c.embedded.FilterRegistrationBean - Mapping filter: 'httpPutFormContentFilter' to: [/*]
14:52:23.862 [localhost-startStop-1] INFO  o.s.b.c.embedded.FilterRegistrationBean - Mapping filter: 'requestContextFilter' to: [/*]
14:52:23.862 [localhost-startStop-1] INFO  o.s.b.c.embedded.FilterRegistrationBean - Mapping filter: 'webRequestLoggingFilter' to: [/*]
14:52:23.862 [localhost-startStop-1] INFO  o.s.b.c.embedded.FilterRegistrationBean - Mapping filter: 'sitemeshFilter' to urls: [/*]
14:52:23.862 [localhost-startStop-1] INFO  o.s.b.c.embedded.FilterRegistrationBean - Mapping filter: 'myCharsetEncodingFilter' to: [/*]
14:52:23.862 [localhost-startStop-1] INFO  o.s.b.c.embedded.FilterRegistrationBean - Mapping filter: 'applicationContextIdFilter' to: [/*]
14:52:23.862 [localhost-startStop-1] INFO  o.s.b.c.embedded.ServletRegistrationBean - Mapping servlet: 'freemarkerServlet' to [*.ftl]
14:52:23.864 [localhost-startStop-1] INFO  o.s.b.c.embedded.ServletRegistrationBean - Mapping servlet: 'dispatcherServlet' to [/]
14:52:23.865 [localhost-startStop-1] INFO  o.s.b.c.embedded.ServletRegistrationBean - Mapping servlet: 'soa' to [/soa/*]
14:52:25.141 [main] WARN  o.s.b.c.e.AnnotationConfigEmbeddedWebApplicationContext - Exception encountered during context initialization - cancelling refresh attempt: org.springframework.beans.factory.BeanCreationException: Error creating bean with name 'bindAjaxController': Injection of resource dependencies failed; nested exception is org.springframework.beans.factory.BeanCreationException: Error creating bean with name 'sessionService': Injection of resource dependencies failed; nested exception is org.springframework.beans.factory.BeanCreationException: Error creating bean with name 'userInfoService': Injection of resource dependencies failed; nested exception is org.springframework.beans.factory.BeanCreationException: Error creating bean with name 'portalWxService': Injection of resource dependencies failed; nested exception is org.springframework.beans.factory.BeanCreationException: Error creating bean with name 'portalPhoneService': Injection of autowired dependencies failed; nested exception is org.springframework.beans.factory.BeanCreationException: Could not autowire field: private com.zbjdl.common.wx.service.WeixinUserService com.zbjdl.oa.wx.service.PortalPhoneService.weixinUserService; nested exception is org.springframework.beans.factory.BeanCreationException: Error creating bean with name 'weixinUserService': FactoryBean threw exception on object creation; nested exception is java.lang.IllegalStateException: Failed to check the status of the service com.zbjdl.common.wx.service.WeixinUserService. No provider available for the service zbjdl-service-group/com.zbjdl.common.wx.service.WeixinUserService:1.0.0 from the url zookeeper://registry.zbjdl.in:2181/com.alibaba.dubbo.registry.RegistryService?application=oa-wx&default.group=zbjdl-service-group&default.version=1.0.0&dubbo=2.5.3&environment=product&group=zbjdl-service-group&interface=com.zbjdl.common.wx.service.WeixinUserService&methods=queryBindUserByOpenId,share,findWxUser,queryBindUserByLoginName,unBind,bindWxInfo,queryBindUserByUserId,bind,isBind&pid=4639&revision=1.0.0-SNAPSHOT&side=consumer&timestamp=1548658344013&version=1.0.0 to the consumer 192.168.159.1 use dubbo version 2.5.3
14:52:25.150 [main] INFO  org.apache.catalina.core.StandardService - Stopping service Tomcat
14:52:25.173 [main] ERROR o.springframework.boot.SpringApplication - Application startup failed
org.springframework.beans.factory.BeanCreationException: Error creating bean with name 'bindAjaxController': Injection of resource dependencies failed; nested exception is org.springframework.beans.factory.BeanCreationException: Error creating bean with name 'sessionService': Injection of resource dependencies failed; nested exception is org.springframework.beans.factory.BeanCreationException: Error creating bean with name 'userInfoService': Injection of resource dependencies failed; nested exception is org.springframework.beans.factory.BeanCreationException: Error creating bean with name 'portalWxService': Injection of resource dependencies failed; nested exception is org.springframework.beans.factory.BeanCreationException: Error creating bean with name 'portalPhoneService': Injection of autowired dependencies failed; nested exception is org.springframework.beans.factory.BeanCreationException: Could not autowire field: private com.zbjdl.common.wx.service.WeixinUserService com.zbjdl.oa.wx.service.PortalPhoneService.weixinUserService; nested exception is org.springframework.beans.factory.BeanCreationException: Error creating bean with name 'weixinUserService': FactoryBean threw exception on object creation; nested exception is java.lang.IllegalStateException: Failed to check the status of the service com.zbjdl.common.wx.service.WeixinUserService. No provider available for the service zbjdl-service-group/com.zbjdl.common.wx.service.WeixinUserService:1.0.0 from the url zookeeper://registry.zbjdl.in:2181/com.alibaba.dubbo.registry.RegistryService?application=oa-wx&default.group=zbjdl-service-group&default.version=1.0.0&dubbo=2.5.3&environment=product&group=zbjdl-service-group&interface=com.zbjdl.common.wx.service.WeixinUserService&methods=queryBindUserByOpenId,share,findWxUser,queryBindUserByLoginName,unBind,bindWxInfo,queryBindUserByUserId,bind,isBind&pid=4639&revision=1.0.0-SNAPSHOT&side=consumer&timestamp=1548658344013&version=1.0.0 to the consumer 192.168.159.1 use dubbo version 2.5.3
	at org.springframework.context.annotation.CommonAnnotationBeanPostProcessor.postProcessPropertyValues(CommonAnnotationBeanPostProcessor.java:311) ~[spring-context-4.2.3.RELEASE.jar:4.2.3.RELEASE]
	at org.springframework.beans.factory.support.AbstractAutowireCapableBeanFactory.populateBean(AbstractAutowireCapableBeanFactory.java:1214) ~[spring-beans-4.2.3.RELEASE.jar:4.2.3.RELEASE]
	at org.springframework.beans.factory.support.AbstractAutowireCapableBeanFactory.doCreateBean(AbstractAutowireCapableBeanFactory.java:543) ~[spring-beans-4.2.3.RELEASE.jar:4.2.3.RELEASE]
	at org.springframework.beans.factory.support.AbstractAutowireCapableBeanFactory.createBean(AbstractAutowireCapableBeanFactory.java:482) ~[spring-beans-4.2.3.RELEASE.jar:4.2.3.RELEASE]
	at org.springframework.beans.factory.support.AbstractBeanFactory$1.getObject(AbstractBeanFactory.java:306) ~[spring-beans-4.2.3.RELEASE.jar:4.2.3.RELEASE]
	at org.springframework.beans.factory.support.DefaultSingletonBeanRegistry.getSingleton(DefaultSingletonBeanRegistry.java:230) ~[spring-beans-4.2.3.RELEASE.jar:4.2.3.RELEASE]
	at org.springframework.beans.factory.support.AbstractBeanFactory.doGetBean(AbstractBeanFactory.java:302) ~[spring-beans-4.2.3.RELEASE.jar:4.2.3.RELEASE]
	at org.springframework.beans.factory.support.AbstractBeanFactory.getBean(AbstractBeanFactory.java:197) ~[spring-beans-4.2.3.RELEASE.jar:4.2.3.RELEASE]
	at org.springframework.beans.factory.support.DefaultListableBeanFactory.preInstantiateSingletons(DefaultListableBeanFactory.java:772) ~[spring-beans-4.2.3.RELEASE.jar:4.2.3.RELEASE]
	at org.springframework.context.support.AbstractApplicationContext.finishBeanFactoryInitialization(AbstractApplicationContext.java:838) ~[spring-context-4.2.3.RELEASE.jar:4.2.3.RELEASE]
	at org.springframework.context.support.AbstractApplicationContext.refresh(AbstractApplicationContext.java:537) ~[spring-context-4.2.3.RELEASE.jar:4.2.3.RELEASE]
	at org.springframework.boot.context.embedded.EmbeddedWebApplicationContext.refresh(EmbeddedWebApplicationContext.java:118) ~[spring-boot-1.3.1.RELEASE.jar:1.3.1.RELEASE]
	at org.springframework.boot.SpringApplication.refresh(SpringApplication.java:764) ~[spring-boot-1.3.1.RELEASE.jar:1.3.1.RELEASE]
	at org.springframework.boot.SpringApplication.doRun(SpringApplication.java:357) ~[spring-boot-1.3.1.RELEASE.jar:1.3.1.RELEASE]
	at org.springframework.boot.SpringApplication.run(SpringApplication.java:305) ~[spring-boot-1.3.1.RELEASE.jar:1.3.1.RELEASE]
	at com.zbjdl.oa.wx.OaWxAppApplication.main(OaWxAppApplication.java:30) [classes/:na]
Caused by: org.springframework.beans.factory.BeanCreationException: Error creating bean with name 'sessionService': Injection of resource dependencies failed; nested exception is org.springframework.beans.factory.BeanCreationException: Error creating bean with name 'userInfoService': Injection of resource dependencies failed; nested exception is org.springframework.beans.factory.BeanCreationException: Error creating bean with name 'portalWxService': Injection of resource dependencies failed; nested exception is org.springframework.beans.factory.BeanCreationException: Error creating bean with name 'portalPhoneService': Injection of autowired dependencies failed; nested exception is org.springframework.beans.factory.BeanCreationException: Could not autowire field: private com.zbjdl.common.wx.service.WeixinUserService com.zbjdl.oa.wx.service.PortalPhoneService.weixinUserService; nested exception is org.springframework.beans.factory.BeanCreationException: Error creating bean with name 'weixinUserService': FactoryBean threw exception on object creation; nested exception is java.lang.IllegalStateException: Failed to check the status of the service com.zbjdl.common.wx.service.WeixinUserService. No provider available for the service zbjdl-service-group/com.zbjdl.common.wx.service.WeixinUserService:1.0.0 from the url zookeeper://registry.zbjdl.in:2181/com.alibaba.dubbo.registry.RegistryService?application=oa-wx&default.group=zbjdl-service-group&default.version=1.0.0&dubbo=2.5.3&environment=product&group=zbjdl-service-group&interface=com.zbjdl.common.wx.service.WeixinUserService&methods=queryBindUserByOpenId,share,findWxUser,queryBindUserByLoginName,unBind,bindWxInfo,queryBindUserByUserId,bind,isBind&pid=4639&revision=1.0.0-SNAPSHOT&side=consumer&timestamp=1548658344013&version=1.0.0 to the consumer 192.168.159.1 use dubbo version 2.5.3
	at org.springframework.context.annotation.CommonAnnotationBeanPostProcessor.postProcessPropertyValues(CommonAnnotationBeanPostProcessor.java:311) ~[spring-context-4.2.3.RELEASE.jar:4.2.3.RELEASE]
	at org.springframework.beans.factory.support.AbstractAutowireCapableBeanFactory.populateBean(AbstractAutowireCapableBeanFactory.java:1214) ~[spring-beans-4.2.3.RELEASE.jar:4.2.3.RELEASE]
	at org.springframework.beans.factory.support.AbstractAutowireCapableBeanFactory.doCreateBean(AbstractAutowireCapableBeanFactory.java:543) ~[spring-beans-4.2.3.RELEASE.jar:4.2.3.RELEASE]
	at org.springframework.beans.factory.support.AbstractAutowireCapableBeanFactory.createBean(AbstractAutowireCapableBeanFactory.java:482) ~[spring-beans-4.2.3.RELEASE.jar:4.2.3.RELEASE]
	at org.springframework.beans.factory.support.AbstractBeanFactory$1.getObject(AbstractBeanFactory.java:306) ~[spring-beans-4.2.3.RELEASE.jar:4.2.3.RELEASE]
	at org.springframework.beans.factory.support.DefaultSingletonBeanRegistry.getSingleton(DefaultSingletonBeanRegistry.java:230) ~[spring-beans-4.2.3.RELEASE.jar:4.2.3.RELEASE]
	at org.springframework.beans.factory.support.AbstractBeanFactory.doGetBean(AbstractBeanFactory.java:302) ~[spring-beans-4.2.3.RELEASE.jar:4.2.3.RELEASE]
	at org.springframework.beans.factory.support.AbstractBeanFactory.getBean(AbstractBeanFactory.java:202) ~[spring-beans-4.2.3.RELEASE.jar:4.2.3.RELEASE]
	at org.springframework.context.annotation.CommonAnnotationBeanPostProcessor.autowireResource(CommonAnnotationBeanPostProcessor.java:512) ~[spring-context-4.2.3.RELEASE.jar:4.2.3.RELEASE]
	at org.springframework.context.annotation.CommonAnnotationBeanPostProcessor.getResource(CommonAnnotationBeanPostProcessor.java:486) ~[spring-context-4.2.3.RELEASE.jar:4.2.3.RELEASE]
	at org.springframework.context.annotation.CommonAnnotationBeanPostProcessor$ResourceElement.getResourceToInject(CommonAnnotationBeanPostProcessor.java:615) ~[spring-context-4.2.3.RELEASE.jar:4.2.3.RELEASE]
	at org.springframework.beans.factory.annotation.InjectionMetadata$InjectedElement.inject(InjectionMetadata.java:169) ~[spring-beans-4.2.3.RELEASE.jar:4.2.3.RELEASE]
	at org.springframework.beans.factory.annotation.InjectionMetadata.inject(InjectionMetadata.java:88) ~[spring-beans-4.2.3.RELEASE.jar:4.2.3.RELEASE]
	at org.springframework.context.annotation.CommonAnnotationBeanPostProcessor.postProcessPropertyValues(CommonAnnotationBeanPostProcessor.java:308) ~[spring-context-4.2.3.RELEASE.jar:4.2.3.RELEASE]
	... 15 common frames omitted
Caused by: org.springframework.beans.factory.BeanCreationException: Error creating bean with name 'userInfoService': Injection of resource dependencies failed; nested exception is org.springframework.beans.factory.BeanCreationException: Error creating bean with name 'portalWxService': Injection of resource dependencies failed; nested exception is org.springframework.beans.factory.BeanCreationException: Error creating bean with name 'portalPhoneService': Injection of autowired dependencies failed; nested exception is org.springframework.beans.factory.BeanCreationException: Could not autowire field: private com.zbjdl.common.wx.service.WeixinUserService com.zbjdl.oa.wx.service.PortalPhoneService.weixinUserService; nested exception is org.springframework.beans.factory.BeanCreationException: Error creating bean with name 'weixinUserService': FactoryBean threw exception on object creation; nested exception is java.lang.IllegalStateException: Failed to check the status of the service com.zbjdl.common.wx.service.WeixinUserService. No provider available for the service zbjdl-service-group/com.zbjdl.common.wx.service.WeixinUserService:1.0.0 from the url zookeeper://registry.zbjdl.in:2181/com.alibaba.dubbo.registry.RegistryService?application=oa-wx&default.group=zbjdl-service-group&default.version=1.0.0&dubbo=2.5.3&environment=product&group=zbjdl-service-group&interface=com.zbjdl.common.wx.service.WeixinUserService&methods=queryBindUserByOpenId,share,findWxUser,queryBindUserByLoginName,unBind,bindWxInfo,queryBindUserByUserId,bind,isBind&pid=4639&revision=1.0.0-SNAPSHOT&side=consumer&timestamp=1548658344013&version=1.0.0 to the consumer 192.168.159.1 use dubbo version 2.5.3
	at org.springframework.context.annotation.CommonAnnotationBeanPostProcessor.postProcessPropertyValues(CommonAnnotationBeanPostProcessor.java:311) ~[spring-context-4.2.3.RELEASE.jar:4.2.3.RELEASE]
	at org.springframework.beans.factory.support.AbstractAutowireCapableBeanFactory.populateBean(AbstractAutowireCapableBeanFactory.java:1214) ~[spring-beans-4.2.3.RELEASE.jar:4.2.3.RELEASE]
	at org.springframework.beans.factory.support.AbstractAutowireCapableBeanFactory.doCreateBean(AbstractAutowireCapableBeanFactory.java:543) ~[spring-beans-4.2.3.RELEASE.jar:4.2.3.RELEASE]
	at org.springframework.beans.factory.support.AbstractAutowireCapableBeanFactory.createBean(AbstractAutowireCapableBeanFactory.java:482) ~[spring-beans-4.2.3.RELEASE.jar:4.2.3.RELEASE]
	at org.springframework.beans.factory.support.AbstractBeanFactory$1.getObject(AbstractBeanFactory.java:306) ~[spring-beans-4.2.3.RELEASE.jar:4.2.3.RELEASE]
	at org.springframework.beans.factory.support.DefaultSingletonBeanRegistry.getSingleton(DefaultSingletonBeanRegistry.java:230) ~[spring-beans-4.2.3.RELEASE.jar:4.2.3.RELEASE]
	at org.springframework.beans.factory.support.AbstractBeanFactory.doGetBean(AbstractBeanFactory.java:302) ~[spring-beans-4.2.3.RELEASE.jar:4.2.3.RELEASE]
	at org.springframework.beans.factory.support.AbstractBeanFactory.getBean(AbstractBeanFactory.java:202) ~[spring-beans-4.2.3.RELEASE.jar:4.2.3.RELEASE]
	at org.springframework.context.annotation.CommonAnnotationBeanPostProcessor.autowireResource(CommonAnnotationBeanPostProcessor.java:512) ~[spring-context-4.2.3.RELEASE.jar:4.2.3.RELEASE]
	at org.springframework.context.annotation.CommonAnnotationBeanPostProcessor.getResource(CommonAnnotationBeanPostProcessor.java:486) ~[spring-context-4.2.3.RELEASE.jar:4.2.3.RELEASE]
	at org.springframework.context.annotation.CommonAnnotationBeanPostProcessor$ResourceElement.getResourceToInject(CommonAnnotationBeanPostProcessor.java:615) ~[spring-context-4.2.3.RELEASE.jar:4.2.3.RELEASE]
	at org.springframework.beans.factory.annotation.InjectionMetadata$InjectedElement.inject(InjectionMetadata.java:169) ~[spring-beans-4.2.3.RELEASE.jar:4.2.3.RELEASE]
	at org.springframework.beans.factory.annotation.InjectionMetadata.inject(InjectionMetadata.java:88) ~[spring-beans-4.2.3.RELEASE.jar:4.2.3.RELEASE]
	at org.springframework.context.annotation.CommonAnnotationBeanPostProcessor.postProcessPropertyValues(CommonAnnotationBeanPostProcessor.java:308) ~[spring-context-4.2.3.RELEASE.jar:4.2.3.RELEASE]
	... 28 common frames omitted
Caused by: org.springframework.beans.factory.BeanCreationException: Error creating bean with name 'portalWxService': Injection of resource dependencies failed; nested exception is org.springframework.beans.factory.BeanCreationException: Error creating bean with name 'portalPhoneService': Injection of autowired dependencies failed; nested exception is org.springframework.beans.factory.BeanCreationException: Could not autowire field: private com.zbjdl.common.wx.service.WeixinUserService com.zbjdl.oa.wx.service.PortalPhoneService.weixinUserService; nested exception is org.springframework.beans.factory.BeanCreationException: Error creating bean with name 'weixinUserService': FactoryBean threw exception on object creation; nested exception is java.lang.IllegalStateException: Failed to check the status of the service com.zbjdl.common.wx.service.WeixinUserService. No provider available for the service zbjdl-service-group/com.zbjdl.common.wx.service.WeixinUserService:1.0.0 from the url zookeeper://registry.zbjdl.in:2181/com.alibaba.dubbo.registry.RegistryService?application=oa-wx&default.group=zbjdl-service-group&default.version=1.0.0&dubbo=2.5.3&environment=product&group=zbjdl-service-group&interface=com.zbjdl.common.wx.service.WeixinUserService&methods=queryBindUserByOpenId,share,findWxUser,queryBindUserByLoginName,unBind,bindWxInfo,queryBindUserByUserId,bind,isBind&pid=4639&revision=1.0.0-SNAPSHOT&side=consumer&timestamp=1548658344013&version=1.0.0 to the consumer 192.168.159.1 use dubbo version 2.5.3
	at org.springframework.context.annotation.CommonAnnotationBeanPostProcessor.postProcessPropertyValues(CommonAnnotationBeanPostProcessor.java:311) ~[spring-context-4.2.3.RELEASE.jar:4.2.3.RELEASE]
	at org.springframework.beans.factory.support.AbstractAutowireCapableBeanFactory.populateBean(AbstractAutowireCapableBeanFactory.java:1214) ~[spring-beans-4.2.3.RELEASE.jar:4.2.3.RELEASE]
	at org.springframework.beans.factory.support.AbstractAutowireCapableBeanFactory.doCreateBean(AbstractAutowireCapableBeanFactory.java:543) ~[spring-beans-4.2.3.RELEASE.jar:4.2.3.RELEASE]
	at org.springframework.beans.factory.support.AbstractAutowireCapableBeanFactory.createBean(AbstractAutowireCapableBeanFactory.java:482) ~[spring-beans-4.2.3.RELEASE.jar:4.2.3.RELEASE]
	at org.springframework.beans.factory.support.AbstractBeanFactory$1.getObject(AbstractBeanFactory.java:306) ~[spring-beans-4.2.3.RELEASE.jar:4.2.3.RELEASE]
	at org.springframework.beans.factory.support.DefaultSingletonBeanRegistry.getSingleton(DefaultSingletonBeanRegistry.java:230) ~[spring-beans-4.2.3.RELEASE.jar:4.2.3.RELEASE]
	at org.springframework.beans.factory.support.AbstractBeanFactory.doGetBean(AbstractBeanFactory.java:302) ~[spring-beans-4.2.3.RELEASE.jar:4.2.3.RELEASE]
	at org.springframework.beans.factory.support.AbstractBeanFactory.getBean(AbstractBeanFactory.java:202) ~[spring-beans-4.2.3.RELEASE.jar:4.2.3.RELEASE]
	at org.springframework.context.annotation.CommonAnnotationBeanPostProcessor.autowireResource(CommonAnnotationBeanPostProcessor.java:512) ~[spring-context-4.2.3.RELEASE.jar:4.2.3.RELEASE]
	at org.springframework.context.annotation.CommonAnnotationBeanPostProcessor.getResource(CommonAnnotationBeanPostProcessor.java:486) ~[spring-context-4.2.3.RELEASE.jar:4.2.3.RELEASE]
	at org.springframework.context.annotation.CommonAnnotationBeanPostProcessor$ResourceElement.getResourceToInject(CommonAnnotationBeanPostProcessor.java:615) ~[spring-context-4.2.3.RELEASE.jar:4.2.3.RELEASE]
	at org.springframework.beans.factory.annotation.InjectionMetadata$InjectedElement.inject(InjectionMetadata.java:169) ~[spring-beans-4.2.3.RELEASE.jar:4.2.3.RELEASE]
	at org.springframework.beans.factory.annotation.InjectionMetadata.inject(InjectionMetadata.java:88) ~[spring-beans-4.2.3.RELEASE.jar:4.2.3.RELEASE]
	at org.springframework.context.annotation.CommonAnnotationBeanPostProcessor.postProcessPropertyValues(CommonAnnotationBeanPostProcessor.java:308) ~[spring-context-4.2.3.RELEASE.jar:4.2.3.RELEASE]
	... 41 common frames omitted
Caused by: org.springframework.beans.factory.BeanCreationException: Error creating bean with name 'portalPhoneService': Injection of autowired dependencies failed; nested exception is org.springframework.beans.factory.BeanCreationException: Could not autowire field: private com.zbjdl.common.wx.service.WeixinUserService com.zbjdl.oa.wx.service.PortalPhoneService.weixinUserService; nested exception is org.springframework.beans.factory.BeanCreationException: Error creating bean with name 'weixinUserService': FactoryBean threw exception on object creation; nested exception is java.lang.IllegalStateException: Failed to check the status of the service com.zbjdl.common.wx.service.WeixinUserService. No provider available for the service zbjdl-service-group/com.zbjdl.common.wx.service.WeixinUserService:1.0.0 from the url zookeeper://registry.zbjdl.in:2181/com.alibaba.dubbo.registry.RegistryService?application=oa-wx&default.group=zbjdl-service-group&default.version=1.0.0&dubbo=2.5.3&environment=product&group=zbjdl-service-group&interface=com.zbjdl.common.wx.service.WeixinUserService&methods=queryBindUserByOpenId,share,findWxUser,queryBindUserByLoginName,unBind,bindWxInfo,queryBindUserByUserId,bind,isBind&pid=4639&revision=1.0.0-SNAPSHOT&side=consumer&timestamp=1548658344013&version=1.0.0 to the consumer 192.168.159.1 use dubbo version 2.5.3
	at org.springframework.beans.factory.annotation.AutowiredAnnotationBeanPostProcessor.postProcessPropertyValues(AutowiredAnnotationBeanPostProcessor.java:334) ~[spring-beans-4.2.3.RELEASE.jar:4.2.3.RELEASE]
	at org.springframework.beans.factory.support.AbstractAutowireCapableBeanFactory.populateBean(AbstractAutowireCapableBeanFactory.java:1214) ~[spring-beans-4.2.3.RELEASE.jar:4.2.3.RELEASE]
	at org.springframework.beans.factory.support.AbstractAutowireCapableBeanFactory.doCreateBean(AbstractAutowireCapableBeanFactory.java:543) ~[spring-beans-4.2.3.RELEASE.jar:4.2.3.RELEASE]
	at org.springframework.beans.factory.support.AbstractAutowireCapableBeanFactory.createBean(AbstractAutowireCapableBeanFactory.java:482) ~[spring-beans-4.2.3.RELEASE.jar:4.2.3.RELEASE]
	at org.springframework.beans.factory.support.AbstractBeanFactory$1.getObject(AbstractBeanFactory.java:306) ~[spring-beans-4.2.3.RELEASE.jar:4.2.3.RELEASE]
	at org.springframework.beans.factory.support.DefaultSingletonBeanRegistry.getSingleton(DefaultSingletonBeanRegistry.java:230) ~[spring-beans-4.2.3.RELEASE.jar:4.2.3.RELEASE]
	at org.springframework.beans.factory.support.AbstractBeanFactory.doGetBean(AbstractBeanFactory.java:302) ~[spring-beans-4.2.3.RELEASE.jar:4.2.3.RELEASE]
	at org.springframework.beans.factory.support.AbstractBeanFactory.getBean(AbstractBeanFactory.java:202) ~[spring-beans-4.2.3.RELEASE.jar:4.2.3.RELEASE]
	at org.springframework.context.annotation.CommonAnnotationBeanPostProcessor.autowireResource(CommonAnnotationBeanPostProcessor.java:512) ~[spring-context-4.2.3.RELEASE.jar:4.2.3.RELEASE]
	at org.springframework.context.annotation.CommonAnnotationBeanPostProcessor.getResource(CommonAnnotationBeanPostProcessor.java:486) ~[spring-context-4.2.3.RELEASE.jar:4.2.3.RELEASE]
	at org.springframework.context.annotation.CommonAnnotationBeanPostProcessor$ResourceElement.getResourceToInject(CommonAnnotationBeanPostProcessor.java:615) ~[spring-context-4.2.3.RELEASE.jar:4.2.3.RELEASE]
	at org.springframework.beans.factory.annotation.InjectionMetadata$InjectedElement.inject(InjectionMetadata.java:169) ~[spring-beans-4.2.3.RELEASE.jar:4.2.3.RELEASE]
	at org.springframework.beans.factory.annotation.InjectionMetadata.inject(InjectionMetadata.java:88) ~[spring-beans-4.2.3.RELEASE.jar:4.2.3.RELEASE]
	at org.springframework.context.annotation.CommonAnnotationBeanPostProcessor.postProcessPropertyValues(CommonAnnotationBeanPostProcessor.java:308) ~[spring-context-4.2.3.RELEASE.jar:4.2.3.RELEASE]
	... 54 common frames omitted
Caused by: org.springframework.beans.factory.BeanCreationException: Could not autowire field: private com.zbjdl.common.wx.service.WeixinUserService com.zbjdl.oa.wx.service.PortalPhoneService.weixinUserService; nested exception is org.springframework.beans.factory.BeanCreationException: Error creating bean with name 'weixinUserService': FactoryBean threw exception on object creation; nested exception is java.lang.IllegalStateException: Failed to check the status of the service com.zbjdl.common.wx.service.WeixinUserService. No provider available for the service zbjdl-service-group/com.zbjdl.common.wx.service.WeixinUserService:1.0.0 from the url zookeeper://registry.zbjdl.in:2181/com.alibaba.dubbo.registry.RegistryService?application=oa-wx&default.group=zbjdl-service-group&default.version=1.0.0&dubbo=2.5.3&environment=product&group=zbjdl-service-group&interface=com.zbjdl.common.wx.service.WeixinUserService&methods=queryBindUserByOpenId,share,findWxUser,queryBindUserByLoginName,unBind,bindWxInfo,queryBindUserByUserId,bind,isBind&pid=4639&revision=1.0.0-SNAPSHOT&side=consumer&timestamp=1548658344013&version=1.0.0 to the consumer 192.168.159.1 use dubbo version 2.5.3
	at org.springframework.beans.factory.annotation.AutowiredAnnotationBeanPostProcessor$AutowiredFieldElement.inject(AutowiredAnnotationBeanPostProcessor.java:573) ~[spring-beans-4.2.3.RELEASE.jar:4.2.3.RELEASE]
	at org.springframework.beans.factory.annotation.InjectionMetadata.inject(InjectionMetadata.java:88) ~[spring-beans-4.2.3.RELEASE.jar:4.2.3.RELEASE]
	at org.springframework.beans.factory.annotation.AutowiredAnnotationBeanPostProcessor.postProcessPropertyValues(AutowiredAnnotationBeanPostProcessor.java:331) ~[spring-beans-4.2.3.RELEASE.jar:4.2.3.RELEASE]
	... 67 common frames omitted
Caused by: org.springframework.beans.factory.BeanCreationException: Error creating bean with name 'weixinUserService': FactoryBean threw exception on object creation; nested exception is java.lang.IllegalStateException: Failed to check the status of the service com.zbjdl.common.wx.service.WeixinUserService. No provider available for the service zbjdl-service-group/com.zbjdl.common.wx.service.WeixinUserService:1.0.0 from the url zookeeper://registry.zbjdl.in:2181/com.alibaba.dubbo.registry.RegistryService?application=oa-wx&default.group=zbjdl-service-group&default.version=1.0.0&dubbo=2.5.3&environment=product&group=zbjdl-service-group&interface=com.zbjdl.common.wx.service.WeixinUserService&methods=queryBindUserByOpenId,share,findWxUser,queryBindUserByLoginName,unBind,bindWxInfo,queryBindUserByUserId,bind,isBind&pid=4639&revision=1.0.0-SNAPSHOT&side=consumer&timestamp=1548658344013&version=1.0.0 to the consumer 192.168.159.1 use dubbo version 2.5.3
	at org.springframework.beans.factory.support.FactoryBeanRegistrySupport.doGetObjectFromFactoryBean(FactoryBeanRegistrySupport.java:175) ~[spring-beans-4.2.3.RELEASE.jar:4.2.3.RELEASE]
	at org.springframework.beans.factory.support.FactoryBeanRegistrySupport.getObjectFromFactoryBean(FactoryBeanRegistrySupport.java:103) ~[spring-beans-4.2.3.RELEASE.jar:4.2.3.RELEASE]
	at org.springframework.beans.factory.support.AbstractBeanFactory.getObjectForBeanInstance(AbstractBeanFactory.java:1585) ~[spring-beans-4.2.3.RELEASE.jar:4.2.3.RELEASE]
	at org.springframework.beans.factory.support.AbstractBeanFactory.doGetBean(AbstractBeanFactory.java:254) ~[spring-beans-4.2.3.RELEASE.jar:4.2.3.RELEASE]
	at org.springframework.beans.factory.support.AbstractBeanFactory.getBean(AbstractBeanFactory.java:197) ~[spring-beans-4.2.3.RELEASE.jar:4.2.3.RELEASE]
	at org.springframework.beans.factory.support.DefaultListableBeanFactory.findAutowireCandidates(DefaultListableBeanFactory.java:1192) ~[spring-beans-4.2.3.RELEASE.jar:4.2.3.RELEASE]
	at org.springframework.beans.factory.support.DefaultListableBeanFactory.doResolveDependency(DefaultListableBeanFactory.java:1116) ~[spring-beans-4.2.3.RELEASE.jar:4.2.3.RELEASE]
	at org.springframework.beans.factory.support.DefaultListableBeanFactory.resolveDependency(DefaultListableBeanFactory.java:1014) ~[spring-beans-4.2.3.RELEASE.jar:4.2.3.RELEASE]
	at org.springframework.beans.factory.annotation.AutowiredAnnotationBeanPostProcessor$AutowiredFieldElement.inject(AutowiredAnnotationBeanPostProcessor.java:545) ~[spring-beans-4.2.3.RELEASE.jar:4.2.3.RELEASE]
	... 69 common frames omitted
Caused by: java.lang.IllegalStateException: Failed to check the status of the service com.zbjdl.common.wx.service.WeixinUserService. No provider available for the service zbjdl-service-group/com.zbjdl.common.wx.service.WeixinUserService:1.0.0 from the url zookeeper://registry.zbjdl.in:2181/com.alibaba.dubbo.registry.RegistryService?application=oa-wx&default.group=zbjdl-service-group&default.version=1.0.0&dubbo=2.5.3&environment=product&group=zbjdl-service-group&interface=com.zbjdl.common.wx.service.WeixinUserService&methods=queryBindUserByOpenId,share,findWxUser,queryBindUserByLoginName,unBind,bindWxInfo,queryBindUserByUserId,bind,isBind&pid=4639&revision=1.0.0-SNAPSHOT&side=consumer&timestamp=1548658344013&version=1.0.0 to the consumer 192.168.159.1 use dubbo version 2.5.3
	at com.alibaba.dubbo.config.ReferenceConfig.createProxy(ReferenceConfig.java:420) ~[dubbo-2.5.3.jar:2.5.3]
	at com.alibaba.dubbo.config.ReferenceConfig.init(ReferenceConfig.java:300) ~[dubbo-2.5.3.jar:2.5.3]
	at com.alibaba.dubbo.config.ReferenceConfig.get(ReferenceConfig.java:138) ~[dubbo-2.5.3.jar:2.5.3]
	at com.alibaba.dubbo.config.spring.ReferenceBean.getObject(ReferenceBean.java:65) ~[dubbo-2.5.3.jar:2.5.3]
	at org.springframework.beans.factory.support.FactoryBeanRegistrySupport.doGetObjectFromFactoryBean(FactoryBeanRegistrySupport.java:168) ~[spring-beans-4.2.3.RELEASE.jar:4.2.3.RELEASE]
	... 77 common frames omitted
14:52:25.178 [main] INFO  o.s.b.l.ClasspathLoggingApplicationListener - Application failed to start with classpath: [file:/Users/zhengy/Documents/github_zbjdl/zbjdl-oa/oa-wx/target/classes/, file:/Users/zhengy/files/MavenRepo/com/zbjdl/common/weixin/weixin-api/1.0.0-SNAPSHOT/weixin-api-1.0.0-SNAPSHOT.jar, file:/Users/zhengy/files/MavenRepo/com/zbjdl/common/zbjdl-common-utils/1.0.0-SNAPSHOT/zbjdl-common-utils-1.0.0-SNAPSHOT.jar, file:/Users/zhengy/files/MavenRepo/wsdl4j/wsdl4j/1.6.3/wsdl4j-1.6.3.jar, file:/Users/zhengy/files/MavenRepo/commons-io/commons-io/2.0.1/commons-io-2.0.1.jar, file:/Users/zhengy/files/MavenRepo/joda-time/joda-time/2.5/joda-time-2.5.jar, file:/Users/zhengy/files/MavenRepo/org/springframework/spring-jdbc/4.2.3.RELEASE/spring-jdbc-4.2.3.RELEASE.jar, file:/Users/zhengy/files/MavenRepo/org/mybatis/mybatis/3.2.7/mybatis-3.2.7.jar, file:/Users/zhengy/files/MavenRepo/org/mybatis/mybatis-spring/1.2.2/mybatis-spring-1.2.2.jar, file:/Users/zhengy/files/MavenRepo/org/apache/poi/poi-ooxml/3.5-FINAL/poi-ooxml-3.5-FINAL.jar, file:/Users/zhengy/files/MavenRepo/org/apache/poi/poi/3.5-FINAL/poi-3.5-FINAL.jar, file:/Users/zhengy/files/MavenRepo/org/apache/poi/ooxml-schemas/1.0/ooxml-schemas-1.0.jar, file:/Users/zhengy/files/MavenRepo/org/apache/xmlbeans/xmlbeans/2.3.0/xmlbeans-2.3.0.jar, file:/Users/zhengy/files/MavenRepo/stax/stax-api/1.0.1/stax-api-1.0.1.jar, file:/Users/zhengy/files/MavenRepo/javax/mail/mail/1.4.1/mail-1.4.1.jar, file:/Users/zhengy/files/MavenRepo/javax/activation/activation/1.1/activation-1.1.jar, file:/Users/zhengy/files/MavenRepo/org/slf4j/slf4j-api/1.7.6/slf4j-api-1.7.6.jar, file:/Users/zhengy/files/MavenRepo/org/codehaus/jackson/jackson-core-asl/1.9.6/jackson-core-asl-1.9.6.jar, file:/Users/zhengy/files/MavenRepo/org/codehaus/jackson/jackson-mapper-asl/1.9.6/jackson-mapper-asl-1.9.6.jar, file:/Users/zhengy/files/MavenRepo/org/apache/commons/commons-pool2/2.2/commons-pool2-2.2.jar, file:/Users/zhengy/files/MavenRepo/commons-net/commons-net/3.3/commons-net-3.3.jar, file:/Users/zhengy/files/MavenRepo/commons-beanutils/commons-beanutils/1.9.2/commons-beanutils-1.9.2.jar, file:/Users/zhengy/files/MavenRepo/commons-lang/commons-lang/2.6/commons-lang-2.6.jar, file:/Users/zhengy/files/MavenRepo/aopalliance/aopalliance/1.0/aopalliance-1.0.jar, file:/Users/zhengy/files/MavenRepo/com/fasterxml/jackson/core/jackson-core/2.5.3/jackson-core-2.5.3.jar, file:/Users/zhengy/files/MavenRepo/com/fasterxml/jackson/module/jackson-module-jaxb-annotations/2.5.3/jackson-module-jaxb-annotations-2.5.3.jar, file:/Users/zhengy/files/MavenRepo/org/mvel/mvel2/2.1.0.drools8/mvel2-2.1.0.drools8.jar, file:/Users/zhengy/files/MavenRepo/commons-httpclient/commons-httpclient/3.1/commons-httpclient-3.1.jar, file:/Users/zhengy/files/MavenRepo/com/zbjdl/utils/zbjdl-config/1.0.0-SNAPSHOT/zbjdl-config-1.0.0-SNAPSHOT.jar, file:/Users/zhengy/files/MavenRepo/dom4j/dom4j/1.6.1/dom4j-1.6.1.jar, file:/Users/zhengy/files/MavenRepo/xml-apis/xml-apis/1.0.b2/xml-apis-1.0.b2.jar, file:/Users/zhengy/files/MavenRepo/cglib/cglib/2.2/cglib-2.2.jar, file:/Users/zhengy/files/MavenRepo/asm/asm/3.1/asm-3.1.jar, file:/Users/zhengy/files/MavenRepo/org/springframework/spring-aop/4.2.3.RELEASE/spring-aop-4.2.3.RELEASE.jar, file:/Users/zhengy/files/MavenRepo/mysql/mysql-connector-java/5.1.18/mysql-connector-java-5.1.18.jar, file:/Users/zhengy/Documents/github_zbjdl/zbjdl-oa/oa-api/target/classes/, file:/Users/zhengy/files/MavenRepo/com/zbjdl/common/utils/zbjdl-springboot-starter-dubbo/1.0.0-SNAPSHOT/zbjdl-springboot-starter-dubbo-1.0.0-SNAPSHOT.jar, file:/Users/zhengy/files/MavenRepo/org/springframework/boot/spring-boot-starter/1.3.1.RELEASE/spring-boot-starter-1.3.1.RELEASE.jar, file:/Users/zhengy/files/MavenRepo/org/springframework/boot/spring-boot/1.3.1.RELEASE/spring-boot-1.3.1.RELEASE.jar, file:/Users/zhengy/files/MavenRepo/org/springframework/boot/spring-boot-autoconfigure/1.3.1.RELEASE/spring-boot-autoconfigure-1.3.1.RELEASE.jar, file:/Users/zhengy/files/MavenRepo/org/yaml/snakeyaml/1.16/snakeyaml-1.16.jar, file:/Users/zhengy/files/MavenRepo/com/zbjdl/common/utils/zbjdl-springboot-autoconfigure/1.0.0-SNAPSHOT/zbjdl-springboot-autoconfigure-1.0.0-SNAPSHOT.jar, file:/Users/zhengy/files/MavenRepo/com/alibaba/dubbo/2.5.3/dubbo-2.5.3.jar, file:/Users/zhengy/files/MavenRepo/org/javassist/javassist/3.18.1-GA/javassist-3.18.1-GA.jar, file:/Users/zhengy/files/MavenRepo/org/jboss/netty/netty/3.2.9.Final/netty-3.2.9.Final.jar, file:/Users/zhengy/files/MavenRepo/com/101tec/zkclient/0.4/zkclient-0.4.jar, file:/Users/zhengy/files/MavenRepo/log4j/log4j/1.2.17/log4j-1.2.17.jar, file:/Users/zhengy/files/MavenRepo/org/apache/zookeeper/zookeeper/3.3.6/zookeeper-3.3.6.jar, file:/Users/zhengy/files/MavenRepo/jline/jline/0.9.94/jline-0.9.94.jar, file:/Users/zhengy/files/MavenRepo/com/caucho/hessian/4.0.7/hessian-4.0.7.jar, file:/Users/zhengy/files/MavenRepo/com/zbjdl/common/utils/zbjdl-springboot-starter-config/1.0.0-SNAPSHOT/zbjdl-springboot-starter-config-1.0.0-SNAPSHOT.jar, file:/Users/zhengy/files/MavenRepo/com/alibaba/fastjson/1.2.3/fastjson-1.2.3.jar, file:/Users/zhengy/files/MavenRepo/org/apache/httpcomponents/httpclient/4.3.5/httpclient-4.3.5.jar, file:/Users/zhengy/files/MavenRepo/org/apache/httpcomponents/httpcore/4.4.4/httpcore-4.4.4.jar, file:/Users/zhengy/files/MavenRepo/commons-logging/commons-logging/1.2/commons-logging-1.2.jar, file:/Users/zhengy/files/MavenRepo/commons-codec/commons-codec/1.9/commons-codec-1.9.jar, file:/Users/zhengy/files/MavenRepo/org/apache/httpcomponents/httpmime/4.5.1/httpmime-4.5.1.jar, file:/Users/zhengy/files/MavenRepo/com/zbjdl/utils/zbjdl-query/1.0.0-SNAPSHOT/zbjdl-query-1.0.0-SNAPSHOT.jar, file:/Users/zhengy/files/MavenRepo/org/springframework/spring-core/4.2.3.RELEASE/spring-core-4.2.3.RELEASE.jar, file:/Users/zhengy/files/MavenRepo/org/springframework/spring-context/4.2.3.RELEASE/spring-context-4.2.3.RELEASE.jar, file:/Users/zhengy/files/MavenRepo/org/springframework/spring-beans/4.2.3.RELEASE/spring-beans-4.2.3.RELEASE.jar, file:/Users/zhengy/files/MavenRepo/org/springframework/spring-expression/4.2.3.RELEASE/spring-expression-4.2.3.RELEASE.jar, file:/Users/zhengy/files/MavenRepo/commons-dbcp/commons-dbcp/1.4/commons-dbcp-1.4.jar, file:/Users/zhengy/files/MavenRepo/commons-pool/commons-pool/1.6/commons-pool-1.6.jar, file:/Users/zhengy/files/MavenRepo/commons-collections/commons-collections/3.2.1/commons-collections-3.2.1.jar, file:/Users/zhengy/files/MavenRepo/ognl/ognl/3.0.13/ognl-3.0.13.jar, file:/Users/zhengy/files/MavenRepo/javassist/javassist/3.11.0.GA/javassist-3.11.0.GA.jar, file:/Users/zhengy/files/MavenRepo/com/zbjdl/utils/zbjdl-queryview/1.0.0-SNAPSHOT/zbjdl-queryview-1.0.0-SNAPSHOT.jar, file:/Users/zhengy/files/MavenRepo/org/springframework/spring-web/4.2.3.RELEASE/spring-web-4.2.3.RELEASE.jar, file:/Users/zhengy/files/MavenRepo/org/springframework/spring-webmvc/4.2.3.RELEASE/spring-webmvc-4.2.3.RELEASE.jar, file:/Users/zhengy/files/MavenRepo/org/apache/commons/commons-lang3/3.3.2/commons-lang3-3.3.2.jar, file:/Users/zhengy/files/MavenRepo/com/fasterxml/jackson/core/jackson-annotations/2.5.0/jackson-annotations-2.5.0.jar, file:/Users/zhengy/files/MavenRepo/net/sourceforge/jexcelapi/jxl/2.6.10/jxl-2.6.10.jar, file:/Users/zhengy/files/MavenRepo/org/springframework/mobile/spring-mobile-device/1.1.5.RELEASE/spring-mobile-device-1.1.5.RELEASE.jar, file:/Users/zhengy/files/MavenRepo/org/springframework/boot/spring-boot-starter-web/1.3.1.RELEASE/spring-boot-starter-web-1.3.1.RELEASE.jar, file:/Users/zhengy/files/MavenRepo/org/springframework/boot/spring-boot-starter-validation/1.3.1.RELEASE/spring-boot-starter-validation-1.3.1.RELEASE.jar, file:/Users/zhengy/files/MavenRepo/org/hibernate/hibernate-validator/5.2.2.Final/hibernate-validator-5.2.2.Final.jar, file:/Users/zhengy/files/MavenRepo/javax/validation/validation-api/1.1.0.Final/validation-api-1.1.0.Final.jar, file:/Users/zhengy/files/MavenRepo/org/jboss/logging/jboss-logging/3.3.0.Final/jboss-logging-3.3.0.Final.jar, file:/Users/zhengy/files/MavenRepo/com/fasterxml/classmate/1.1.0/classmate-1.1.0.jar, file:/Users/zhengy/files/MavenRepo/com/fasterxml/jackson/core/jackson-databind/2.5.3/jackson-databind-2.5.3.jar, file:/Users/zhengy/files/MavenRepo/org/springframework/boot/spring-boot-starter-tomcat/1.3.1.RELEASE/spring-boot-starter-tomcat-1.3.1.RELEASE.jar, file:/Users/zhengy/files/MavenRepo/org/apache/tomcat/embed/tomcat-embed-core/8.0.30/tomcat-embed-core-8.0.30.jar, file:/Users/zhengy/files/MavenRepo/org/apache/tomcat/embed/tomcat-embed-el/8.0.30/tomcat-embed-el-8.0.30.jar, file:/Users/zhengy/files/MavenRepo/org/apache/tomcat/embed/tomcat-embed-logging-juli/8.0.30/tomcat-embed-logging-juli-8.0.30.jar, file:/Users/zhengy/files/MavenRepo/org/apache/tomcat/embed/tomcat-embed-websocket/8.0.30/tomcat-embed-websocket-8.0.30.jar, file:/Users/zhengy/files/MavenRepo/org/mybatis/spring/boot/mybatis-spring-boot-starter/1.0.0/mybatis-spring-boot-starter-1.0.0.jar, file:/Users/zhengy/files/MavenRepo/org/springframework/boot/spring-boot-starter-jdbc/1.3.1.RELEASE/spring-boot-starter-jdbc-1.3.1.RELEASE.jar, file:/Users/zhengy/files/MavenRepo/org/apache/tomcat/tomcat-jdbc/8.0.30/tomcat-jdbc-8.0.30.jar, file:/Users/zhengy/files/MavenRepo/org/apache/tomcat/tomcat-juli/8.0.30/tomcat-juli-8.0.30.jar, file:/Users/zhengy/files/MavenRepo/org/mybatis/spring/boot/mybatis-spring-boot-autoconfigure/1.0.0/mybatis-spring-boot-autoconfigure-1.0.0.jar, file:/Users/zhengy/files/MavenRepo/org/springframework/spring-test/4.2.3.RELEASE/spring-test-4.2.3.RELEASE.jar, file:/Users/zhengy/files/MavenRepo/org/springframework/boot/spring-boot-starter-logging/1.3.1.RELEASE/spring-boot-starter-logging-1.3.1.RELEASE.jar, file:/Users/zhengy/files/MavenRepo/ch/qos/logback/logback-classic/1.1.2/logback-classic-1.1.2.jar, file:/Users/zhengy/files/MavenRepo/ch/qos/logback/logback-core/1.1.2/logback-core-1.1.2.jar, file:/Users/zhengy/files/MavenRepo/org/slf4j/jcl-over-slf4j/1.6.4/jcl-over-slf4j-1.6.4.jar, file:/Users/zhengy/files/MavenRepo/org/slf4j/jul-to-slf4j/1.7.13/jul-to-slf4j-1.7.13.jar, file:/Users/zhengy/files/MavenRepo/org/slf4j/log4j-over-slf4j/1.6.4/log4j-over-slf4j-1.6.4.jar, file:/Users/zhengy/files/MavenRepo/org/springframework/boot/spring-boot-starter-actuator/1.3.1.RELEASE/spring-boot-starter-actuator-1.3.1.RELEASE.jar, file:/Users/zhengy/files/MavenRepo/org/springframework/boot/spring-boot-actuator/1.3.1.RELEASE/spring-boot-actuator-1.3.1.RELEASE.jar, file:/Users/zhengy/files/MavenRepo/org/springframework/boot/spring-boot-starter-redis/1.3.1.RELEASE/spring-boot-starter-redis-1.3.1.RELEASE.jar, file:/Users/zhengy/files/MavenRepo/org/springframework/data/spring-data-redis/1.5.2.RELEASE/spring-data-redis-1.5.2.RELEASE.jar, file:/Users/zhengy/files/MavenRepo/org/springframework/spring-context-support/4.2.3.RELEASE/spring-context-support-4.2.3.RELEASE.jar, file:/Users/zhengy/files/MavenRepo/org/springframework/spring-tx/4.2.3.RELEASE/spring-tx-4.2.3.RELEASE.jar, file:/Users/zhengy/files/MavenRepo/redis/clients/jedis/2.7.3/jedis-2.7.3.jar, file:/Users/zhengy/files/MavenRepo/org/springframework/session/spring-session/1.0.2.RELEASE/spring-session-1.0.2.RELEASE.jar, file:/Users/zhengy/files/MavenRepo/org/apache/tomcat/embed/tomcat-embed-jasper/8.0.30/tomcat-embed-jasper-8.0.30.jar, file:/Users/zhengy/files/MavenRepo/org/eclipse/jdt/core/compiler/ecj/4.4.2/ecj-4.4.2.jar, file:/Users/zhengy/files/MavenRepo/org/sitemesh/sitemesh/3.0.1/sitemesh-3.0.1.jar, file:/Users/zhengy/files/MavenRepo/javax/servlet/jstl/1.2/jstl-1.2.jar, file:/Users/zhengy/files/MavenRepo/javax/servlet/javax.servlet-api/3.1.0/javax.servlet-api-3.1.0.jar, file:/Users/zhengy/files/MavenRepo/org/freemarker/freemarker/2.3.21/freemarker-2.3.21.jar, file:/Users/zhengy/files/MavenRepo/com/google/zxing/core/3.0.0/core-3.0.0.jar, file:/Users/zhengy/files/MavenRepo/com/google/zxing/javase/3.0.0/javase-3.0.0.jar, file:/Users/zhengy/files/MavenRepo/com/google/code/gson/gson/2.4/gson-2.4.jar, file:/Users/zhengy/files/MavenRepo/com/zbjdl/admin/admin-api/1.0.0-SNAPSHOT/admin-api-1.0.0-SNAPSHOT.jar, file:/Users/zhengy/files/MavenRepo/com/google/guava/guava/18.0/guava-18.0.jar]
14:52:58.047 [main] INFO  com.zbjdl.oa.wx.OaWxAppApplication - Starting OaWxAppApplication on localhost with PID 4641 (/Users/zhengy/Documents/github_zbjdl/zbjdl-oa/oa-wx/target/classes started by zhengy in /Users/zhengy/Documents/github_zbjdl/zbjdl-oa/oa-wx)
14:52:58.060 [main] INFO  com.zbjdl.oa.wx.OaWxAppApplication - The following profiles are active: production
14:52:58.198 [main] INFO  o.s.b.c.e.AnnotationConfigEmbeddedWebApplicationContext - Refreshing org.springframework.boot.context.embedded.AnnotationConfigEmbeddedWebApplicationContext@7ba43f6d: startup date [Mon Jan 28 14:52:58 CST 2019]; root of context hierarchy
14:52:58.244 [pool-1-thread-1] INFO  o.h.validator.internal.util.Version - HV000001: Hibernate Validator 5.2.2.Final
14:53:00.008 [main] INFO  o.s.b.f.xml.XmlBeanDefinitionReader - Loading XML bean definitions from class path resource [spring/applicationContext-consumer.xml]
14:53:00.364 [main] INFO  o.s.b.f.s.DefaultListableBeanFactory - Overriding bean definition for bean 'beanNameViewResolver' with a different definition: replacing [Root bean: class [null]; scope=; abstract=false; lazyInit=false; autowireMode=3; dependencyCheck=0; autowireCandidate=true; primary=false; factoryBeanName=org.springframework.boot.autoconfigure.web.ErrorMvcAutoConfiguration$WhitelabelErrorViewConfiguration; factoryMethodName=beanNameViewResolver; initMethodName=null; destroyMethodName=(inferred); defined in class path resource [org/springframework/boot/autoconfigure/web/ErrorMvcAutoConfiguration$WhitelabelErrorViewConfiguration.class]] with [Root bean: class [null]; scope=; abstract=false; lazyInit=false; autowireMode=3; dependencyCheck=0; autowireCandidate=true; primary=false; factoryBeanName=org.springframework.boot.autoconfigure.web.WebMvcAutoConfiguration$WebMvcAutoConfigurationAdapter; factoryMethodName=beanNameViewResolver; initMethodName=null; destroyMethodName=(inferred); defined in class path resource [org/springframework/boot/autoconfigure/web/WebMvcAutoConfiguration$WebMvcAutoConfigurationAdapter.class]]
14:53:00.580 [main] INFO  o.s.b.f.s.DefaultListableBeanFactory - Overriding bean definition for bean 'characterEncodingFilter' with a different definition: replacing [Root bean: class [null]; scope=; abstract=false; lazyInit=false; autowireMode=3; dependencyCheck=0; autowireCandidate=true; primary=false; factoryBeanName=webConfiguration; factoryMethodName=characterEncodingFilter; initMethodName=null; destroyMethodName=(inferred); defined in class path resource [com/zbjdl/oa/wx/configuration/WebConfiguration.class]] with [Root bean: class [null]; scope=; abstract=false; lazyInit=false; autowireMode=3; dependencyCheck=0; autowireCandidate=true; primary=false; factoryBeanName=org.springframework.boot.autoconfigure.web.HttpEncodingAutoConfiguration; factoryMethodName=characterEncodingFilter; initMethodName=null; destroyMethodName=(inferred); defined in class path resource [org/springframework/boot/autoconfigure/web/HttpEncodingAutoConfiguration.class]]
14:53:01.466 [main] INFO  o.s.c.s.PostProcessorRegistrationDelegate$BeanPostProcessorChecker - Bean 'com.zbjdl.common.utils.springboot.autoconfigure.dubbo.DubboAutoConfiguration$ServerPropertiesConfiguration' of type [class com.zbjdl.common.utils.springboot.autoconfigure.dubbo.DubboAutoConfiguration$ServerPropertiesConfiguration$$EnhancerBySpringCGLIB$$c9d50df] is not eligible for getting processed by all BeanPostProcessors (for example: not eligible for auto-proxying)
14:53:01.708 [main] INFO  o.s.c.s.PostProcessorRegistrationDelegate$BeanPostProcessorChecker - Bean 'org.hibernate.validator.internal.constraintvalidators.bv.NotNullValidator' of type [class org.hibernate.validator.internal.constraintvalidators.bv.NotNullValidator] is not eligible for getting processed by all BeanPostProcessors (for example: not eligible for auto-proxying)
14:53:01.715 [main] INFO  o.s.c.s.PostProcessorRegistrationDelegate$BeanPostProcessorChecker - Bean 'serverProperties' of type [class org.springframework.boot.autoconfigure.web.ServerProperties] is not eligible for getting processed by all BeanPostProcessors (for example: not eligible for auto-proxying)
14:53:01.735 [main] INFO  o.s.c.s.PostProcessorRegistrationDelegate$BeanPostProcessorChecker - Bean 'zbjdl.dubbo.CONFIGURATION_PROPERTIES' of type [class com.zbjdl.common.utils.springboot.autoconfigure.dubbo.DubboProperties] is not eligible for getting processed by all BeanPostProcessors (for example: not eligible for auto-proxying)
14:53:01.737 [main] INFO  o.s.c.s.PostProcessorRegistrationDelegate$BeanPostProcessorChecker - Bean 'com.zbjdl.common.utils.springboot.autoconfigure.dubbo.DubboAutoConfiguration' of type [class com.zbjdl.common.utils.springboot.autoconfigure.dubbo.DubboAutoConfiguration$$EnhancerBySpringCGLIB$$b9821ee3] is not eligible for getting processed by all BeanPostProcessors (for example: not eligible for auto-proxying)
14:53:01.771 [main] INFO  o.s.c.s.PostProcessorRegistrationDelegate$BeanPostProcessorChecker - Bean 'consumerConfig' of type [class com.alibaba.dubbo.config.ConsumerConfig] is not eligible for getting processed by all BeanPostProcessors (for example: not eligible for auto-proxying)
14:53:01.794 [main] INFO  o.s.c.s.PostProcessorRegistrationDelegate$BeanPostProcessorChecker - Bean 'application' of type [class com.alibaba.dubbo.config.ApplicationConfig] is not eligible for getting processed by all BeanPostProcessors (for example: not eligible for auto-proxying)
14:53:01.808 [main] INFO  o.s.c.s.PostProcessorRegistrationDelegate$BeanPostProcessorChecker - Bean 'registry' of type [class com.alibaba.dubbo.config.RegistryConfig] is not eligible for getting processed by all BeanPostProcessors (for example: not eligible for auto-proxying)
14:53:01.814 [main] INFO  o.s.c.s.PostProcessorRegistrationDelegate$BeanPostProcessorChecker - Bean 'weixinUserService' of type [class com.alibaba.dubbo.config.spring.ReferenceBean] is not eligible for getting processed by all BeanPostProcessors (for example: not eligible for auto-proxying)
14:53:01.822 [main] INFO  o.s.c.s.PostProcessorRegistrationDelegate$BeanPostProcessorChecker - Bean 'org.springframework.transaction.annotation.ProxyTransactionManagementConfiguration' of type [class org.springframework.transaction.annotation.ProxyTransactionManagementConfiguration$$EnhancerBySpringCGLIB$$ddfa60ae] is not eligible for getting processed by all BeanPostProcessors (for example: not eligible for auto-proxying)
14:53:02.195 [main] INFO  o.s.b.c.e.t.TomcatEmbeddedServletContainer - Tomcat initialized with port(s): 9025 (http)
14:53:02.208 [main] INFO  org.apache.catalina.core.StandardService - Starting service Tomcat
14:53:02.210 [main] INFO  org.apache.catalina.core.StandardEngine - Starting Servlet Engine: Apache Tomcat/8.0.30
14:53:02.889 [localhost-startStop-1] INFO  org.apache.jasper.servlet.TldScanner - At least one JAR was scanned for TLDs yet contained no TLDs. Enable debug logging for this logger for a complete list of JARs that were scanned but no TLDs were found in them. Skipping unneeded JARs during scanning can improve startup time and JSP compilation time.
14:53:02.897 [localhost-startStop-1] INFO  o.a.c.c.C.[Tomcat].[localhost].[/oa-wx] - Initializing Spring embedded WebApplicationContext
14:53:02.897 [localhost-startStop-1] INFO  o.s.web.context.ContextLoader - Root WebApplicationContext: initialization completed in 4699 ms
14:53:03.839 [localhost-startStop-1] INFO  o.s.b.c.embedded.FilterRegistrationBean - Mapping filter: 'characterEncodingFilter' to: [/*]
14:53:03.840 [localhost-startStop-1] INFO  o.s.b.c.embedded.FilterRegistrationBean - Mapping filter: 'metricFilter' to: [/*]
14:53:03.840 [localhost-startStop-1] INFO  o.s.b.c.embedded.FilterRegistrationBean - Mapping filter: 'springSessionRepositoryFilter' to: [/*]
14:53:03.840 [localhost-startStop-1] INFO  o.s.b.c.embedded.FilterRegistrationBean - Mapping filter: 'hiddenHttpMethodFilter' to: [/*]
14:53:03.840 [localhost-startStop-1] INFO  o.s.b.c.embedded.FilterRegistrationBean - Mapping filter: 'httpPutFormContentFilter' to: [/*]
14:53:03.840 [localhost-startStop-1] INFO  o.s.b.c.embedded.FilterRegistrationBean - Mapping filter: 'requestContextFilter' to: [/*]
14:53:03.840 [localhost-startStop-1] INFO  o.s.b.c.embedded.FilterRegistrationBean - Mapping filter: 'webRequestLoggingFilter' to: [/*]
14:53:03.840 [localhost-startStop-1] INFO  o.s.b.c.embedded.FilterRegistrationBean - Mapping filter: 'sitemeshFilter' to urls: [/*]
14:53:03.841 [localhost-startStop-1] INFO  o.s.b.c.embedded.FilterRegistrationBean - Mapping filter: 'myCharsetEncodingFilter' to: [/*]
14:53:03.841 [localhost-startStop-1] INFO  o.s.b.c.embedded.FilterRegistrationBean - Mapping filter: 'applicationContextIdFilter' to: [/*]
14:53:03.841 [localhost-startStop-1] INFO  o.s.b.c.embedded.ServletRegistrationBean - Mapping servlet: 'freemarkerServlet' to [*.ftl]
14:53:03.843 [localhost-startStop-1] INFO  o.s.b.c.embedded.ServletRegistrationBean - Mapping servlet: 'dispatcherServlet' to [/]
14:53:03.843 [localhost-startStop-1] INFO  o.s.b.c.embedded.ServletRegistrationBean - Mapping servlet: 'soa' to [/soa/*]
14:53:05.838 [main] WARN  o.s.b.c.e.AnnotationConfigEmbeddedWebApplicationContext - Exception encountered during context initialization - cancelling refresh attempt: org.springframework.beans.factory.BeanCreationException: Error creating bean with name 'enableRedisKeyspaceNotificationsInitializer' defined in class org.springframework.session.data.redis.config.annotation.web.http.RedisHttpSessionConfiguration: Invocation of init method failed; nested exception is org.springframework.data.redis.RedisConnectionFailureException: Cannot get Jedis connection; nested exception is redis.clients.jedis.exceptions.JedisConnectionException: Could not get a resource from the pool
14:53:05.848 [main] INFO  org.apache.catalina.core.StandardService - Stopping service Tomcat
14:53:05.874 [main] ERROR o.springframework.boot.SpringApplication - Application startup failed
org.springframework.beans.factory.BeanCreationException: Error creating bean with name 'enableRedisKeyspaceNotificationsInitializer' defined in class org.springframework.session.data.redis.config.annotation.web.http.RedisHttpSessionConfiguration: Invocation of init method failed; nested exception is org.springframework.data.redis.RedisConnectionFailureException: Cannot get Jedis connection; nested exception is redis.clients.jedis.exceptions.JedisConnectionException: Could not get a resource from the pool
	at org.springframework.beans.factory.support.AbstractAutowireCapableBeanFactory.initializeBean(AbstractAutowireCapableBeanFactory.java:1578) ~[spring-beans-4.2.3.RELEASE.jar:4.2.3.RELEASE]
	at org.springframework.beans.factory.support.AbstractAutowireCapableBeanFactory.doCreateBean(AbstractAutowireCapableBeanFactory.java:545) ~[spring-beans-4.2.3.RELEASE.jar:4.2.3.RELEASE]
	at org.springframework.beans.factory.support.AbstractAutowireCapableBeanFactory.createBean(AbstractAutowireCapableBeanFactory.java:482) ~[spring-beans-4.2.3.RELEASE.jar:4.2.3.RELEASE]
	at org.springframework.beans.factory.support.AbstractBeanFactory$1.getObject(AbstractBeanFactory.java:306) ~[spring-beans-4.2.3.RELEASE.jar:4.2.3.RELEASE]
	at org.springframework.beans.factory.support.DefaultSingletonBeanRegistry.getSingleton(DefaultSingletonBeanRegistry.java:230) ~[spring-beans-4.2.3.RELEASE.jar:4.2.3.RELEASE]
	at org.springframework.beans.factory.support.AbstractBeanFactory.doGetBean(AbstractBeanFactory.java:302) ~[spring-beans-4.2.3.RELEASE.jar:4.2.3.RELEASE]
	at org.springframework.beans.factory.support.AbstractBeanFactory.getBean(AbstractBeanFactory.java:197) ~[spring-beans-4.2.3.RELEASE.jar:4.2.3.RELEASE]
	at org.springframework.beans.factory.support.DefaultListableBeanFactory.preInstantiateSingletons(DefaultListableBeanFactory.java:772) ~[spring-beans-4.2.3.RELEASE.jar:4.2.3.RELEASE]
	at org.springframework.context.support.AbstractApplicationContext.finishBeanFactoryInitialization(AbstractApplicationContext.java:838) ~[spring-context-4.2.3.RELEASE.jar:4.2.3.RELEASE]
	at org.springframework.context.support.AbstractApplicationContext.refresh(AbstractApplicationContext.java:537) ~[spring-context-4.2.3.RELEASE.jar:4.2.3.RELEASE]
	at org.springframework.boot.context.embedded.EmbeddedWebApplicationContext.refresh(EmbeddedWebApplicationContext.java:118) ~[spring-boot-1.3.1.RELEASE.jar:1.3.1.RELEASE]
	at org.springframework.boot.SpringApplication.refresh(SpringApplication.java:764) ~[spring-boot-1.3.1.RELEASE.jar:1.3.1.RELEASE]
	at org.springframework.boot.SpringApplication.doRun(SpringApplication.java:357) ~[spring-boot-1.3.1.RELEASE.jar:1.3.1.RELEASE]
	at org.springframework.boot.SpringApplication.run(SpringApplication.java:305) ~[spring-boot-1.3.1.RELEASE.jar:1.3.1.RELEASE]
	at com.zbjdl.oa.wx.OaWxAppApplication.main(OaWxAppApplication.java:30) [classes/:na]
Caused by: org.springframework.data.redis.RedisConnectionFailureException: Cannot get Jedis connection; nested exception is redis.clients.jedis.exceptions.JedisConnectionException: Could not get a resource from the pool
	at org.springframework.data.redis.connection.jedis.JedisConnectionFactory.fetchJedisConnector(JedisConnectionFactory.java:162) ~[spring-data-redis-1.5.2.RELEASE.jar:1.5.2.RELEASE]
	at org.springframework.data.redis.connection.jedis.JedisConnectionFactory.getConnection(JedisConnectionFactory.java:251) ~[spring-data-redis-1.5.2.RELEASE.jar:1.5.2.RELEASE]
	at org.springframework.data.redis.connection.jedis.JedisConnectionFactory.getConnection(JedisConnectionFactory.java:58) ~[spring-data-redis-1.5.2.RELEASE.jar:1.5.2.RELEASE]
	at org.springframework.session.data.redis.config.annotation.web.http.RedisHttpSessionConfiguration$EnableRedisKeyspaceNotificationsInitializer.afterPropertiesSet(RedisHttpSessionConfiguration.java:166) ~[spring-session-1.0.2.RELEASE.jar:na]
	at org.springframework.beans.factory.support.AbstractAutowireCapableBeanFactory.invokeInitMethods(AbstractAutowireCapableBeanFactory.java:1637) ~[spring-beans-4.2.3.RELEASE.jar:4.2.3.RELEASE]
	at org.springframework.beans.factory.support.AbstractAutowireCapableBeanFactory.initializeBean(AbstractAutowireCapableBeanFactory.java:1574) ~[spring-beans-4.2.3.RELEASE.jar:4.2.3.RELEASE]
	... 14 common frames omitted
Caused by: redis.clients.jedis.exceptions.JedisConnectionException: Could not get a resource from the pool
	at redis.clients.util.Pool.getResource(Pool.java:50) ~[jedis-2.7.3.jar:na]
	at redis.clients.jedis.JedisPool.getResource(JedisPool.java:99) ~[jedis-2.7.3.jar:na]
	at redis.clients.jedis.JedisPool.getResource(JedisPool.java:12) ~[jedis-2.7.3.jar:na]
	at org.springframework.data.redis.connection.jedis.JedisConnectionFactory.fetchJedisConnector(JedisConnectionFactory.java:155) ~[spring-data-redis-1.5.2.RELEASE.jar:1.5.2.RELEASE]
	... 19 common frames omitted
Caused by: redis.clients.jedis.exceptions.JedisConnectionException: java.net.ConnectException: Connection refused
	at redis.clients.jedis.Connection.connect(Connection.java:164) ~[jedis-2.7.3.jar:na]
	at redis.clients.jedis.BinaryClient.connect(BinaryClient.java:82) ~[jedis-2.7.3.jar:na]
	at redis.clients.jedis.BinaryJedis.connect(BinaryJedis.java:1641) ~[jedis-2.7.3.jar:na]
	at redis.clients.jedis.JedisFactory.makeObject(JedisFactory.java:85) ~[jedis-2.7.3.jar:na]
	at org.apache.commons.pool2.impl.GenericObjectPool.create(GenericObjectPool.java:836) ~[commons-pool2-2.2.jar:2.2]
	at org.apache.commons.pool2.impl.GenericObjectPool.borrowObject(GenericObjectPool.java:434) ~[commons-pool2-2.2.jar:2.2]
	at org.apache.commons.pool2.impl.GenericObjectPool.borrowObject(GenericObjectPool.java:361) ~[commons-pool2-2.2.jar:2.2]
	at redis.clients.util.Pool.getResource(Pool.java:48) ~[jedis-2.7.3.jar:na]
	... 22 common frames omitted
Caused by: java.net.ConnectException: Connection refused
	at java.net.PlainSocketImpl.socketConnect(Native Method) ~[na:1.7.0_80]
	at java.net.AbstractPlainSocketImpl.doConnect(AbstractPlainSocketImpl.java:339) ~[na:1.7.0_80]
	at java.net.AbstractPlainSocketImpl.connectToAddress(AbstractPlainSocketImpl.java:200) ~[na:1.7.0_80]
	at java.net.AbstractPlainSocketImpl.connect(AbstractPlainSocketImpl.java:182) ~[na:1.7.0_80]
	at java.net.SocksSocketImpl.connect(SocksSocketImpl.java:392) ~[na:1.7.0_80]
	at java.net.Socket.connect(Socket.java:579) ~[na:1.7.0_80]
	at redis.clients.jedis.Connection.connect(Connection.java:158) ~[jedis-2.7.3.jar:na]
	... 29 common frames omitted
14:53:05.882 [main] INFO  o.s.b.l.ClasspathLoggingApplicationListener - Application failed to start with classpath: [file:/Users/zhengy/Documents/github_zbjdl/zbjdl-oa/oa-wx/target/classes/, file:/Users/zhengy/files/MavenRepo/com/zbjdl/common/weixin/weixin-api/1.0.0-SNAPSHOT/weixin-api-1.0.0-SNAPSHOT.jar, file:/Users/zhengy/files/MavenRepo/com/zbjdl/common/zbjdl-common-utils/1.0.0-SNAPSHOT/zbjdl-common-utils-1.0.0-SNAPSHOT.jar, file:/Users/zhengy/files/MavenRepo/wsdl4j/wsdl4j/1.6.3/wsdl4j-1.6.3.jar, file:/Users/zhengy/files/MavenRepo/commons-io/commons-io/2.0.1/commons-io-2.0.1.jar, file:/Users/zhengy/files/MavenRepo/joda-time/joda-time/2.5/joda-time-2.5.jar, file:/Users/zhengy/files/MavenRepo/org/springframework/spring-jdbc/4.2.3.RELEASE/spring-jdbc-4.2.3.RELEASE.jar, file:/Users/zhengy/files/MavenRepo/org/mybatis/mybatis/3.2.7/mybatis-3.2.7.jar, file:/Users/zhengy/files/MavenRepo/org/mybatis/mybatis-spring/1.2.2/mybatis-spring-1.2.2.jar, file:/Users/zhengy/files/MavenRepo/org/apache/poi/poi-ooxml/3.5-FINAL/poi-ooxml-3.5-FINAL.jar, file:/Users/zhengy/files/MavenRepo/org/apache/poi/poi/3.5-FINAL/poi-3.5-FINAL.jar, file:/Users/zhengy/files/MavenRepo/org/apache/poi/ooxml-schemas/1.0/ooxml-schemas-1.0.jar, file:/Users/zhengy/files/MavenRepo/org/apache/xmlbeans/xmlbeans/2.3.0/xmlbeans-2.3.0.jar, file:/Users/zhengy/files/MavenRepo/stax/stax-api/1.0.1/stax-api-1.0.1.jar, file:/Users/zhengy/files/MavenRepo/javax/mail/mail/1.4.1/mail-1.4.1.jar, file:/Users/zhengy/files/MavenRepo/javax/activation/activation/1.1/activation-1.1.jar, file:/Users/zhengy/files/MavenRepo/org/slf4j/slf4j-api/1.7.6/slf4j-api-1.7.6.jar, file:/Users/zhengy/files/MavenRepo/org/codehaus/jackson/jackson-core-asl/1.9.6/jackson-core-asl-1.9.6.jar, file:/Users/zhengy/files/MavenRepo/org/codehaus/jackson/jackson-mapper-asl/1.9.6/jackson-mapper-asl-1.9.6.jar, file:/Users/zhengy/files/MavenRepo/org/apache/commons/commons-pool2/2.2/commons-pool2-2.2.jar, file:/Users/zhengy/files/MavenRepo/commons-net/commons-net/3.3/commons-net-3.3.jar, file:/Users/zhengy/files/MavenRepo/commons-beanutils/commons-beanutils/1.9.2/commons-beanutils-1.9.2.jar, file:/Users/zhengy/files/MavenRepo/commons-lang/commons-lang/2.6/commons-lang-2.6.jar, file:/Users/zhengy/files/MavenRepo/aopalliance/aopalliance/1.0/aopalliance-1.0.jar, file:/Users/zhengy/files/MavenRepo/com/fasterxml/jackson/core/jackson-core/2.5.3/jackson-core-2.5.3.jar, file:/Users/zhengy/files/MavenRepo/com/fasterxml/jackson/module/jackson-module-jaxb-annotations/2.5.3/jackson-module-jaxb-annotations-2.5.3.jar, file:/Users/zhengy/files/MavenRepo/org/mvel/mvel2/2.1.0.drools8/mvel2-2.1.0.drools8.jar, file:/Users/zhengy/files/MavenRepo/commons-httpclient/commons-httpclient/3.1/commons-httpclient-3.1.jar, file:/Users/zhengy/files/MavenRepo/com/zbjdl/utils/zbjdl-config/1.0.0-SNAPSHOT/zbjdl-config-1.0.0-SNAPSHOT.jar, file:/Users/zhengy/files/MavenRepo/dom4j/dom4j/1.6.1/dom4j-1.6.1.jar, file:/Users/zhengy/files/MavenRepo/xml-apis/xml-apis/1.0.b2/xml-apis-1.0.b2.jar, file:/Users/zhengy/files/MavenRepo/cglib/cglib/2.2/cglib-2.2.jar, file:/Users/zhengy/files/MavenRepo/asm/asm/3.1/asm-3.1.jar, file:/Users/zhengy/files/MavenRepo/org/springframework/spring-aop/4.2.3.RELEASE/spring-aop-4.2.3.RELEASE.jar, file:/Users/zhengy/files/MavenRepo/mysql/mysql-connector-java/5.1.18/mysql-connector-java-5.1.18.jar, file:/Users/zhengy/Documents/github_zbjdl/zbjdl-oa/oa-api/target/classes/, file:/Users/zhengy/files/MavenRepo/com/zbjdl/common/utils/zbjdl-springboot-starter-dubbo/1.0.0-SNAPSHOT/zbjdl-springboot-starter-dubbo-1.0.0-SNAPSHOT.jar, file:/Users/zhengy/files/MavenRepo/org/springframework/boot/spring-boot-starter/1.3.1.RELEASE/spring-boot-starter-1.3.1.RELEASE.jar, file:/Users/zhengy/files/MavenRepo/org/springframework/boot/spring-boot/1.3.1.RELEASE/spring-boot-1.3.1.RELEASE.jar, file:/Users/zhengy/files/MavenRepo/org/springframework/boot/spring-boot-autoconfigure/1.3.1.RELEASE/spring-boot-autoconfigure-1.3.1.RELEASE.jar, file:/Users/zhengy/files/MavenRepo/org/yaml/snakeyaml/1.16/snakeyaml-1.16.jar, file:/Users/zhengy/files/MavenRepo/com/zbjdl/common/utils/zbjdl-springboot-autoconfigure/1.0.0-SNAPSHOT/zbjdl-springboot-autoconfigure-1.0.0-SNAPSHOT.jar, file:/Users/zhengy/files/MavenRepo/com/alibaba/dubbo/2.5.3/dubbo-2.5.3.jar, file:/Users/zhengy/files/MavenRepo/org/javassist/javassist/3.18.1-GA/javassist-3.18.1-GA.jar, file:/Users/zhengy/files/MavenRepo/org/jboss/netty/netty/3.2.9.Final/netty-3.2.9.Final.jar, file:/Users/zhengy/files/MavenRepo/com/101tec/zkclient/0.4/zkclient-0.4.jar, file:/Users/zhengy/files/MavenRepo/log4j/log4j/1.2.17/log4j-1.2.17.jar, file:/Users/zhengy/files/MavenRepo/org/apache/zookeeper/zookeeper/3.3.6/zookeeper-3.3.6.jar, file:/Users/zhengy/files/MavenRepo/jline/jline/0.9.94/jline-0.9.94.jar, file:/Users/zhengy/files/MavenRepo/com/caucho/hessian/4.0.7/hessian-4.0.7.jar, file:/Users/zhengy/files/MavenRepo/com/zbjdl/common/utils/zbjdl-springboot-starter-config/1.0.0-SNAPSHOT/zbjdl-springboot-starter-config-1.0.0-SNAPSHOT.jar, file:/Users/zhengy/files/MavenRepo/com/alibaba/fastjson/1.2.3/fastjson-1.2.3.jar, file:/Users/zhengy/files/MavenRepo/org/apache/httpcomponents/httpclient/4.3.5/httpclient-4.3.5.jar, file:/Users/zhengy/files/MavenRepo/org/apache/httpcomponents/httpcore/4.4.4/httpcore-4.4.4.jar, file:/Users/zhengy/files/MavenRepo/commons-logging/commons-logging/1.2/commons-logging-1.2.jar, file:/Users/zhengy/files/MavenRepo/commons-codec/commons-codec/1.9/commons-codec-1.9.jar, file:/Users/zhengy/files/MavenRepo/org/apache/httpcomponents/httpmime/4.5.1/httpmime-4.5.1.jar, file:/Users/zhengy/files/MavenRepo/com/zbjdl/utils/zbjdl-query/1.0.0-SNAPSHOT/zbjdl-query-1.0.0-SNAPSHOT.jar, file:/Users/zhengy/files/MavenRepo/org/springframework/spring-core/4.2.3.RELEASE/spring-core-4.2.3.RELEASE.jar, file:/Users/zhengy/files/MavenRepo/org/springframework/spring-context/4.2.3.RELEASE/spring-context-4.2.3.RELEASE.jar, file:/Users/zhengy/files/MavenRepo/org/springframework/spring-beans/4.2.3.RELEASE/spring-beans-4.2.3.RELEASE.jar, file:/Users/zhengy/files/MavenRepo/org/springframework/spring-expression/4.2.3.RELEASE/spring-expression-4.2.3.RELEASE.jar, file:/Users/zhengy/files/MavenRepo/commons-dbcp/commons-dbcp/1.4/commons-dbcp-1.4.jar, file:/Users/zhengy/files/MavenRepo/commons-pool/commons-pool/1.6/commons-pool-1.6.jar, file:/Users/zhengy/files/MavenRepo/commons-collections/commons-collections/3.2.1/commons-collections-3.2.1.jar, file:/Users/zhengy/files/MavenRepo/ognl/ognl/3.0.13/ognl-3.0.13.jar, file:/Users/zhengy/files/MavenRepo/javassist/javassist/3.11.0.GA/javassist-3.11.0.GA.jar, file:/Users/zhengy/files/MavenRepo/com/zbjdl/utils/zbjdl-queryview/1.0.0-SNAPSHOT/zbjdl-queryview-1.0.0-SNAPSHOT.jar, file:/Users/zhengy/files/MavenRepo/org/springframework/spring-web/4.2.3.RELEASE/spring-web-4.2.3.RELEASE.jar, file:/Users/zhengy/files/MavenRepo/org/springframework/spring-webmvc/4.2.3.RELEASE/spring-webmvc-4.2.3.RELEASE.jar, file:/Users/zhengy/files/MavenRepo/org/apache/commons/commons-lang3/3.3.2/commons-lang3-3.3.2.jar, file:/Users/zhengy/files/MavenRepo/com/fasterxml/jackson/core/jackson-annotations/2.5.0/jackson-annotations-2.5.0.jar, file:/Users/zhengy/files/MavenRepo/net/sourceforge/jexcelapi/jxl/2.6.10/jxl-2.6.10.jar, file:/Users/zhengy/files/MavenRepo/org/springframework/mobile/spring-mobile-device/1.1.5.RELEASE/spring-mobile-device-1.1.5.RELEASE.jar, file:/Users/zhengy/files/MavenRepo/org/springframework/boot/spring-boot-starter-web/1.3.1.RELEASE/spring-boot-starter-web-1.3.1.RELEASE.jar, file:/Users/zhengy/files/MavenRepo/org/springframework/boot/spring-boot-starter-validation/1.3.1.RELEASE/spring-boot-starter-validation-1.3.1.RELEASE.jar, file:/Users/zhengy/files/MavenRepo/org/hibernate/hibernate-validator/5.2.2.Final/hibernate-validator-5.2.2.Final.jar, file:/Users/zhengy/files/MavenRepo/javax/validation/validation-api/1.1.0.Final/validation-api-1.1.0.Final.jar, file:/Users/zhengy/files/MavenRepo/org/jboss/logging/jboss-logging/3.3.0.Final/jboss-logging-3.3.0.Final.jar, file:/Users/zhengy/files/MavenRepo/com/fasterxml/classmate/1.1.0/classmate-1.1.0.jar, file:/Users/zhengy/files/MavenRepo/com/fasterxml/jackson/core/jackson-databind/2.5.3/jackson-databind-2.5.3.jar, file:/Users/zhengy/files/MavenRepo/org/springframework/boot/spring-boot-starter-tomcat/1.3.1.RELEASE/spring-boot-starter-tomcat-1.3.1.RELEASE.jar, file:/Users/zhengy/files/MavenRepo/org/apache/tomcat/embed/tomcat-embed-core/8.0.30/tomcat-embed-core-8.0.30.jar, file:/Users/zhengy/files/MavenRepo/org/apache/tomcat/embed/tomcat-embed-el/8.0.30/tomcat-embed-el-8.0.30.jar, file:/Users/zhengy/files/MavenRepo/org/apache/tomcat/embed/tomcat-embed-logging-juli/8.0.30/tomcat-embed-logging-juli-8.0.30.jar, file:/Users/zhengy/files/MavenRepo/org/apache/tomcat/embed/tomcat-embed-websocket/8.0.30/tomcat-embed-websocket-8.0.30.jar, file:/Users/zhengy/files/MavenRepo/org/mybatis/spring/boot/mybatis-spring-boot-starter/1.0.0/mybatis-spring-boot-starter-1.0.0.jar, file:/Users/zhengy/files/MavenRepo/org/springframework/boot/spring-boot-starter-jdbc/1.3.1.RELEASE/spring-boot-starter-jdbc-1.3.1.RELEASE.jar, file:/Users/zhengy/files/MavenRepo/org/apache/tomcat/tomcat-jdbc/8.0.30/tomcat-jdbc-8.0.30.jar, file:/Users/zhengy/files/MavenRepo/org/apache/tomcat/tomcat-juli/8.0.30/tomcat-juli-8.0.30.jar, file:/Users/zhengy/files/MavenRepo/org/mybatis/spring/boot/mybatis-spring-boot-autoconfigure/1.0.0/mybatis-spring-boot-autoconfigure-1.0.0.jar, file:/Users/zhengy/files/MavenRepo/org/springframework/spring-test/4.2.3.RELEASE/spring-test-4.2.3.RELEASE.jar, file:/Users/zhengy/files/MavenRepo/org/springframework/boot/spring-boot-starter-logging/1.3.1.RELEASE/spring-boot-starter-logging-1.3.1.RELEASE.jar, file:/Users/zhengy/files/MavenRepo/ch/qos/logback/logback-classic/1.1.2/logback-classic-1.1.2.jar, file:/Users/zhengy/files/MavenRepo/ch/qos/logback/logback-core/1.1.2/logback-core-1.1.2.jar, file:/Users/zhengy/files/MavenRepo/org/slf4j/jcl-over-slf4j/1.6.4/jcl-over-slf4j-1.6.4.jar, file:/Users/zhengy/files/MavenRepo/org/slf4j/jul-to-slf4j/1.7.13/jul-to-slf4j-1.7.13.jar, file:/Users/zhengy/files/MavenRepo/org/slf4j/log4j-over-slf4j/1.6.4/log4j-over-slf4j-1.6.4.jar, file:/Users/zhengy/files/MavenRepo/org/springframework/boot/spring-boot-starter-actuator/1.3.1.RELEASE/spring-boot-starter-actuator-1.3.1.RELEASE.jar, file:/Users/zhengy/files/MavenRepo/org/springframework/boot/spring-boot-actuator/1.3.1.RELEASE/spring-boot-actuator-1.3.1.RELEASE.jar, file:/Users/zhengy/files/MavenRepo/org/springframework/boot/spring-boot-starter-redis/1.3.1.RELEASE/spring-boot-starter-redis-1.3.1.RELEASE.jar, file:/Users/zhengy/files/MavenRepo/org/springframework/data/spring-data-redis/1.5.2.RELEASE/spring-data-redis-1.5.2.RELEASE.jar, file:/Users/zhengy/files/MavenRepo/org/springframework/spring-context-support/4.2.3.RELEASE/spring-context-support-4.2.3.RELEASE.jar, file:/Users/zhengy/files/MavenRepo/org/springframework/spring-tx/4.2.3.RELEASE/spring-tx-4.2.3.RELEASE.jar, file:/Users/zhengy/files/MavenRepo/redis/clients/jedis/2.7.3/jedis-2.7.3.jar, file:/Users/zhengy/files/MavenRepo/org/springframework/session/spring-session/1.0.2.RELEASE/spring-session-1.0.2.RELEASE.jar, file:/Users/zhengy/files/MavenRepo/org/apache/tomcat/embed/tomcat-embed-jasper/8.0.30/tomcat-embed-jasper-8.0.30.jar, file:/Users/zhengy/files/MavenRepo/org/eclipse/jdt/core/compiler/ecj/4.4.2/ecj-4.4.2.jar, file:/Users/zhengy/files/MavenRepo/org/sitemesh/sitemesh/3.0.1/sitemesh-3.0.1.jar, file:/Users/zhengy/files/MavenRepo/javax/servlet/jstl/1.2/jstl-1.2.jar, file:/Users/zhengy/files/MavenRepo/javax/servlet/javax.servlet-api/3.1.0/javax.servlet-api-3.1.0.jar, file:/Users/zhengy/files/MavenRepo/org/freemarker/freemarker/2.3.21/freemarker-2.3.21.jar, file:/Users/zhengy/files/MavenRepo/com/google/zxing/core/3.0.0/core-3.0.0.jar, file:/Users/zhengy/files/MavenRepo/com/google/zxing/javase/3.0.0/javase-3.0.0.jar, file:/Users/zhengy/files/MavenRepo/com/google/code/gson/gson/2.4/gson-2.4.jar, file:/Users/zhengy/files/MavenRepo/com/zbjdl/admin/admin-api/1.0.0-SNAPSHOT/admin-api-1.0.0-SNAPSHOT.jar, file:/Users/zhengy/files/MavenRepo/com/google/guava/guava/18.0/guava-18.0.jar]
14:55:22.523 [main] INFO  com.zbjdl.oa.wx.OaWxAppApplication - Starting OaWxAppApplication on localhost with PID 4643 (/Users/zhengy/Documents/github_zbjdl/zbjdl-oa/oa-wx/target/classes started by zhengy in /Users/zhengy/Documents/github_zbjdl/zbjdl-oa/oa-wx)
14:55:22.527 [main] INFO  com.zbjdl.oa.wx.OaWxAppApplication - The following profiles are active: production
14:55:22.600 [pool-1-thread-1] INFO  o.h.validator.internal.util.Version - HV000001: Hibernate Validator 5.2.2.Final
14:55:22.617 [main] INFO  o.s.b.c.e.AnnotationConfigEmbeddedWebApplicationContext - Refreshing org.springframework.boot.context.embedded.AnnotationConfigEmbeddedWebApplicationContext@4cdd13d9: startup date [Mon Jan 28 14:55:22 CST 2019]; root of context hierarchy
14:55:24.205 [main] INFO  o.s.b.f.xml.XmlBeanDefinitionReader - Loading XML bean definitions from class path resource [spring/applicationContext-consumer.xml]
14:55:24.517 [main] INFO  o.s.b.f.s.DefaultListableBeanFactory - Overriding bean definition for bean 'beanNameViewResolver' with a different definition: replacing [Root bean: class [null]; scope=; abstract=false; lazyInit=false; autowireMode=3; dependencyCheck=0; autowireCandidate=true; primary=false; factoryBeanName=org.springframework.boot.autoconfigure.web.ErrorMvcAutoConfiguration$WhitelabelErrorViewConfiguration; factoryMethodName=beanNameViewResolver; initMethodName=null; destroyMethodName=(inferred); defined in class path resource [org/springframework/boot/autoconfigure/web/ErrorMvcAutoConfiguration$WhitelabelErrorViewConfiguration.class]] with [Root bean: class [null]; scope=; abstract=false; lazyInit=false; autowireMode=3; dependencyCheck=0; autowireCandidate=true; primary=false; factoryBeanName=org.springframework.boot.autoconfigure.web.WebMvcAutoConfiguration$WebMvcAutoConfigurationAdapter; factoryMethodName=beanNameViewResolver; initMethodName=null; destroyMethodName=(inferred); defined in class path resource [org/springframework/boot/autoconfigure/web/WebMvcAutoConfiguration$WebMvcAutoConfigurationAdapter.class]]
14:55:24.723 [main] INFO  o.s.b.f.s.DefaultListableBeanFactory - Overriding bean definition for bean 'characterEncodingFilter' with a different definition: replacing [Root bean: class [null]; scope=; abstract=false; lazyInit=false; autowireMode=3; dependencyCheck=0; autowireCandidate=true; primary=false; factoryBeanName=webConfiguration; factoryMethodName=characterEncodingFilter; initMethodName=null; destroyMethodName=(inferred); defined in class path resource [com/zbjdl/oa/wx/configuration/WebConfiguration.class]] with [Root bean: class [null]; scope=; abstract=false; lazyInit=false; autowireMode=3; dependencyCheck=0; autowireCandidate=true; primary=false; factoryBeanName=org.springframework.boot.autoconfigure.web.HttpEncodingAutoConfiguration; factoryMethodName=characterEncodingFilter; initMethodName=null; destroyMethodName=(inferred); defined in class path resource [org/springframework/boot/autoconfigure/web/HttpEncodingAutoConfiguration.class]]
14:55:25.406 [main] INFO  o.s.c.s.PostProcessorRegistrationDelegate$BeanPostProcessorChecker - Bean 'com.zbjdl.common.utils.springboot.autoconfigure.dubbo.DubboAutoConfiguration$ServerPropertiesConfiguration' of type [class com.zbjdl.common.utils.springboot.autoconfigure.dubbo.DubboAutoConfiguration$ServerPropertiesConfiguration$$EnhancerBySpringCGLIB$$62cb88a6] is not eligible for getting processed by all BeanPostProcessors (for example: not eligible for auto-proxying)
14:55:25.603 [main] INFO  o.s.c.s.PostProcessorRegistrationDelegate$BeanPostProcessorChecker - Bean 'org.hibernate.validator.internal.constraintvalidators.bv.NotNullValidator' of type [class org.hibernate.validator.internal.constraintvalidators.bv.NotNullValidator] is not eligible for getting processed by all BeanPostProcessors (for example: not eligible for auto-proxying)
14:55:25.608 [main] INFO  o.s.c.s.PostProcessorRegistrationDelegate$BeanPostProcessorChecker - Bean 'serverProperties' of type [class org.springframework.boot.autoconfigure.web.ServerProperties] is not eligible for getting processed by all BeanPostProcessors (for example: not eligible for auto-proxying)
14:55:25.627 [main] INFO  o.s.c.s.PostProcessorRegistrationDelegate$BeanPostProcessorChecker - Bean 'zbjdl.dubbo.CONFIGURATION_PROPERTIES' of type [class com.zbjdl.common.utils.springboot.autoconfigure.dubbo.DubboProperties] is not eligible for getting processed by all BeanPostProcessors (for example: not eligible for auto-proxying)
14:55:25.630 [main] INFO  o.s.c.s.PostProcessorRegistrationDelegate$BeanPostProcessorChecker - Bean 'com.zbjdl.common.utils.springboot.autoconfigure.dubbo.DubboAutoConfiguration' of type [class com.zbjdl.common.utils.springboot.autoconfigure.dubbo.DubboAutoConfiguration$$EnhancerBySpringCGLIB$$fb056aa] is not eligible for getting processed by all BeanPostProcessors (for example: not eligible for auto-proxying)
14:55:25.658 [main] INFO  o.s.c.s.PostProcessorRegistrationDelegate$BeanPostProcessorChecker - Bean 'consumerConfig' of type [class com.alibaba.dubbo.config.ConsumerConfig] is not eligible for getting processed by all BeanPostProcessors (for example: not eligible for auto-proxying)
14:55:25.681 [main] INFO  o.s.c.s.PostProcessorRegistrationDelegate$BeanPostProcessorChecker - Bean 'application' of type [class com.alibaba.dubbo.config.ApplicationConfig] is not eligible for getting processed by all BeanPostProcessors (for example: not eligible for auto-proxying)
14:55:25.695 [main] INFO  o.s.c.s.PostProcessorRegistrationDelegate$BeanPostProcessorChecker - Bean 'registry' of type [class com.alibaba.dubbo.config.RegistryConfig] is not eligible for getting processed by all BeanPostProcessors (for example: not eligible for auto-proxying)
14:55:25.699 [main] INFO  o.s.c.s.PostProcessorRegistrationDelegate$BeanPostProcessorChecker - Bean 'weixinUserService' of type [class com.alibaba.dubbo.config.spring.ReferenceBean] is not eligible for getting processed by all BeanPostProcessors (for example: not eligible for auto-proxying)
14:55:25.705 [main] INFO  o.s.c.s.PostProcessorRegistrationDelegate$BeanPostProcessorChecker - Bean 'org.springframework.transaction.annotation.ProxyTransactionManagementConfiguration' of type [class org.springframework.transaction.annotation.ProxyTransactionManagementConfiguration$$EnhancerBySpringCGLIB$$34289875] is not eligible for getting processed by all BeanPostProcessors (for example: not eligible for auto-proxying)
14:55:26.094 [main] INFO  o.s.b.c.e.t.TomcatEmbeddedServletContainer - Tomcat initialized with port(s): 9025 (http)
14:55:26.110 [main] INFO  org.apache.catalina.core.StandardService - Starting service Tomcat
14:55:26.112 [main] INFO  org.apache.catalina.core.StandardEngine - Starting Servlet Engine: Apache Tomcat/8.0.30
14:55:26.766 [localhost-startStop-1] INFO  org.apache.jasper.servlet.TldScanner - At least one JAR was scanned for TLDs yet contained no TLDs. Enable debug logging for this logger for a complete list of JARs that were scanned but no TLDs were found in them. Skipping unneeded JARs during scanning can improve startup time and JSP compilation time.
14:55:26.774 [localhost-startStop-1] INFO  o.a.c.c.C.[Tomcat].[localhost].[/oa-wx] - Initializing Spring embedded WebApplicationContext
14:55:26.774 [localhost-startStop-1] INFO  o.s.web.context.ContextLoader - Root WebApplicationContext: initialization completed in 4157 ms
14:55:27.676 [localhost-startStop-1] INFO  o.s.b.c.embedded.FilterRegistrationBean - Mapping filter: 'characterEncodingFilter' to: [/*]
14:55:27.677 [localhost-startStop-1] INFO  o.s.b.c.embedded.FilterRegistrationBean - Mapping filter: 'metricFilter' to: [/*]
14:55:27.678 [localhost-startStop-1] INFO  o.s.b.c.embedded.FilterRegistrationBean - Mapping filter: 'springSessionRepositoryFilter' to: [/*]
14:55:27.678 [localhost-startStop-1] INFO  o.s.b.c.embedded.FilterRegistrationBean - Mapping filter: 'hiddenHttpMethodFilter' to: [/*]
14:55:27.678 [localhost-startStop-1] INFO  o.s.b.c.embedded.FilterRegistrationBean - Mapping filter: 'httpPutFormContentFilter' to: [/*]
14:55:27.678 [localhost-startStop-1] INFO  o.s.b.c.embedded.FilterRegistrationBean - Mapping filter: 'requestContextFilter' to: [/*]
14:55:27.679 [localhost-startStop-1] INFO  o.s.b.c.embedded.FilterRegistrationBean - Mapping filter: 'webRequestLoggingFilter' to: [/*]
14:55:27.679 [localhost-startStop-1] INFO  o.s.b.c.embedded.FilterRegistrationBean - Mapping filter: 'sitemeshFilter' to urls: [/*]
14:55:27.679 [localhost-startStop-1] INFO  o.s.b.c.embedded.FilterRegistrationBean - Mapping filter: 'myCharsetEncodingFilter' to: [/*]
14:55:27.679 [localhost-startStop-1] INFO  o.s.b.c.embedded.FilterRegistrationBean - Mapping filter: 'applicationContextIdFilter' to: [/*]
14:55:27.679 [localhost-startStop-1] INFO  o.s.b.c.embedded.ServletRegistrationBean - Mapping servlet: 'freemarkerServlet' to [*.ftl]
14:55:27.682 [localhost-startStop-1] INFO  o.s.b.c.embedded.ServletRegistrationBean - Mapping servlet: 'dispatcherServlet' to [/]
14:55:27.683 [localhost-startStop-1] INFO  o.s.b.c.embedded.ServletRegistrationBean - Mapping servlet: 'soa' to [/soa/*]
14:55:29.590 [main] INFO  o.s.w.s.m.m.a.RequestMappingHandlerAdapter - Looking for @ControllerAdvice: org.springframework.boot.context.embedded.AnnotationConfigEmbeddedWebApplicationContext@4cdd13d9: startup date [Mon Jan 28 14:55:22 CST 2019]; root of context hierarchy
14:55:29.753 [main] INFO  o.s.w.s.m.m.a.RequestMappingHandlerMapping - Mapped "{[/ajax/bindAjax/unBind]}" onto public java.lang.Object com.zbjdl.oa.wx.controller.center.bind.BindAjaxController.unBind(java.lang.String)
14:55:29.758 [main] INFO  o.s.w.s.m.m.a.RequestMappingHandlerMapping - Mapped "{[/menu],params=[type=bind]}" onto public java.lang.Object com.zbjdl.oa.wx.controller.center.bind.BindController.bind(org.springframework.ui.Model)
14:55:29.759 [main] INFO  o.s.w.s.m.m.a.RequestMappingHandlerMapping - Mapped "{[/logout],methods=[GET]}" onto public java.lang.String com.zbjdl.oa.wx.controller.center.bind.BindController.loginOut(javax.servlet.http.HttpSession)
14:55:29.759 [main] INFO  o.s.w.s.m.m.a.RequestMappingHandlerMapping - Mapped "{[/bind/success]}" onto public java.lang.String com.zbjdl.oa.wx.controller.center.bind.BindController.bindSuccess(javax.servlet.http.HttpServletRequest,java.lang.String,org.springframework.ui.Model,java.lang.String) throws java.io.UnsupportedEncodingException
14:55:29.759 [main] INFO  o.s.w.s.m.m.a.RequestMappingHandlerMapping - Mapped "{[/nologin/unbind/success]}" onto public java.lang.Object com.zbjdl.oa.wx.controller.center.bind.BindController.unbindSuccess(javax.servlet.http.HttpSession)
14:55:29.760 [main] INFO  o.s.w.s.m.m.a.RequestMappingHandlerMapping - Mapped "{[/unbind/failed]}" onto public java.lang.Object com.zbjdl.oa.wx.controller.center.bind.BindController.unbindFailed(javax.servlet.http.HttpServletRequest,org.springframework.ui.Model)
14:55:29.761 [main] INFO  o.s.w.s.m.m.a.RequestMappingHandlerMapping - Mapped "{[/unbind]}" onto public java.lang.Object com.zbjdl.oa.wx.controller.center.bind.BindController.unbind(org.springframework.ui.Model)
14:55:29.762 [main] INFO  o.s.w.s.m.m.a.RequestMappingHandlerMapping - Mapped "{[/login]}" onto public java.lang.String com.zbjdl.oa.wx.controller.center.bind.LoginController.login(org.springframework.ui.Model)
14:55:29.763 [main] INFO  o.s.w.s.m.m.a.RequestMappingHandlerMapping - Mapped "{[/login/cp]}" onto public java.lang.String com.zbjdl.oa.wx.controller.center.bind.LoginController.loginCp(org.springframework.ui.Model,java.lang.String)
14:55:29.765 [main] INFO  o.s.w.s.m.m.a.RequestMappingHandlerMapping - Mapped "{[/jsSign]}" onto public com.zbjdl.common.wechat.dto.js_sdk.SignDto com.zbjdl.oa.wx.controller.common.CommonController.jsSign(java.lang.String)
14:55:29.770 [main] INFO  o.s.w.s.m.m.a.RequestMappingHandlerMapping - Mapped "{[/general/error]}" onto public java.lang.String com.zbjdl.oa.wx.controller.common.WxGeneralController.error(java.lang.String,org.springframework.ui.Model)
14:55:29.770 [main] INFO  o.s.w.s.m.m.a.RequestMappingHandlerMapping - Mapped "{[/general/toView]}" onto public java.lang.String com.zbjdl.oa.wx.controller.common.WxGeneralController.toView(javax.servlet.http.HttpSession,org.springframework.ui.Model)
14:55:29.771 [main] INFO  o.s.w.s.m.m.a.RequestMappingHandlerMapping - Mapped "{[/general/gotoView]}" onto public java.lang.String com.zbjdl.oa.wx.controller.common.WxGeneralController.gotoView(java.lang.String) throws java.io.UnsupportedEncodingException
14:55:29.772 [main] INFO  o.s.w.s.m.m.a.RequestMappingHandlerMapping - Mapped "{[/menu],params=[type=""]}" onto protected java.lang.Object com.zbjdl.oa.wx.controller.MenuController.process(com.zbjdl.oa.wx.vo.WxVo)
14:55:29.774 [main] INFO  o.s.w.s.m.m.a.RequestMappingHandlerMapping - Mapped "{[/static/mcs/plugin/userInfo]}" onto public java.lang.String com.zbjdl.oa.wx.controller.plugin.PluginController.index(org.springframework.ui.Model,javax.servlet.http.HttpServletRequest)
14:55:29.776 [main] INFO  o.s.w.s.m.m.a.RequestMappingHandlerMapping - Mapped "{[/static/mcs/plugin/ajax/userInfo]}" onto public java.util.Map<java.lang.String, java.lang.Object> com.zbjdl.oa.wx.controller.plugin.PluginController.userInfo(java.lang.String)
14:55:29.778 [main] INFO  o.s.w.s.m.m.a.RequestMappingHandlerMapping - Mapped "{[/]}" onto public java.lang.String com.zbjdl.oa.wx.controller.WxController.index()
14:55:29.779 [main] INFO  o.s.w.s.m.m.a.RequestMappingHandlerMapping - Mapped "{[/wx/mpapi.action],methods=[GET]}" onto public void com.zbjdl.oa.wx.controller.WxController.checkSignature(java.lang.String,java.lang.String,java.lang.String,java.lang.String,javax.servlet.http.HttpServletResponse)
14:55:29.781 [main] INFO  o.s.w.s.m.m.a.RequestMappingHandlerMapping - Mapped "{[/wx/mpapi.action],methods=[POST]}" onto public void com.zbjdl.oa.wx.controller.WxController.doPost(javax.servlet.http.HttpServletRequest,javax.servlet.http.HttpServletResponse) throws javax.servlet.ServletException,java.io.IOException
14:55:29.791 [main] INFO  o.s.w.s.m.m.a.RequestMappingHandlerMapping - Mapped "{[/error]}" onto public org.springframework.http.ResponseEntity<java.util.Map<java.lang.String, java.lang.Object>> org.springframework.boot.autoconfigure.web.BasicErrorController.error(javax.servlet.http.HttpServletRequest)
14:55:29.791 [main] INFO  o.s.w.s.m.m.a.RequestMappingHandlerMapping - Mapped "{[/error],produces=[text/html]}" onto public org.springframework.web.servlet.ModelAndView org.springframework.boot.autoconfigure.web.BasicErrorController.errorHtml(javax.servlet.http.HttpServletRequest,javax.servlet.http.HttpServletResponse)
14:55:29.914 [main] INFO  o.s.w.s.handler.SimpleUrlHandlerMapping - Mapped URL path [/**] onto handler of type [class org.springframework.web.servlet.resource.ResourceHttpRequestHandler]
14:55:29.914 [main] INFO  o.s.w.s.handler.SimpleUrlHandlerMapping - Mapped URL path [/webjars/**] onto handler of type [class org.springframework.web.servlet.resource.ResourceHttpRequestHandler]
14:55:29.985 [main] INFO  o.s.w.s.m.m.a.ExceptionHandlerExceptionResolver - Detected @ExceptionHandler methods in wxExceptionHandler
14:55:30.026 [main] INFO  o.s.w.s.handler.SimpleUrlHandlerMapping - Mapped URL path [/**/favicon.ico] onto handler of type [class org.springframework.web.servlet.resource.ResourceHttpRequestHandler]
14:55:30.152 [main] INFO  c.z.c.u.s.a.dubbo.DubboAutoConfiguration - ### get port:9025
14:55:30.825 [main] INFO  o.s.b.a.e.mvc.EndpointHandlerMapping - Mapped "{[/env/{name:.*}],methods=[GET],produces=[application/json]}" onto public java.lang.Object org.springframework.boot.actuate.endpoint.mvc.EnvironmentMvcEndpoint.value(java.lang.String)
14:55:30.825 [main] INFO  o.s.b.a.e.mvc.EndpointHandlerMapping - Mapped "{[/env || /env.json],methods=[GET],produces=[application/json]}" onto public java.lang.Object org.springframework.boot.actuate.endpoint.mvc.EndpointMvcAdapter.invoke()
14:55:30.826 [main] INFO  o.s.b.a.e.mvc.EndpointHandlerMapping - Mapped "{[/autoconfig || /autoconfig.json],methods=[GET],produces=[application/json]}" onto public java.lang.Object org.springframework.boot.actuate.endpoint.mvc.EndpointMvcAdapter.invoke()
14:55:30.827 [main] INFO  o.s.b.a.e.mvc.EndpointHandlerMapping - Mapped "{[/beans || /beans.json],methods=[GET],produces=[application/json]}" onto public java.lang.Object org.springframework.boot.actuate.endpoint.mvc.EndpointMvcAdapter.invoke()
14:55:30.828 [main] INFO  o.s.b.a.e.mvc.EndpointHandlerMapping - Mapped "{[/info || /info.json],methods=[GET],produces=[application/json]}" onto public java.lang.Object org.springframework.boot.actuate.endpoint.mvc.EndpointMvcAdapter.invoke()
14:55:30.829 [main] INFO  o.s.b.a.e.mvc.EndpointHandlerMapping - Mapped "{[/metrics/{name:.*}],methods=[GET],produces=[application/json]}" onto public java.lang.Object org.springframework.boot.actuate.endpoint.mvc.MetricsMvcEndpoint.value(java.lang.String)
14:55:30.830 [main] INFO  o.s.b.a.e.mvc.EndpointHandlerMapping - Mapped "{[/metrics || /metrics.json],methods=[GET],produces=[application/json]}" onto public java.lang.Object org.springframework.boot.actuate.endpoint.mvc.EndpointMvcAdapter.invoke()
14:55:30.830 [main] INFO  o.s.b.a.e.mvc.EndpointHandlerMapping - Mapped "{[/configprops || /configprops.json],methods=[GET],produces=[application/json]}" onto public java.lang.Object org.springframework.boot.actuate.endpoint.mvc.EndpointMvcAdapter.invoke()
14:55:30.831 [main] INFO  o.s.b.a.e.mvc.EndpointHandlerMapping - Mapped "{[/health || /health.json],produces=[application/json]}" onto public java.lang.Object org.springframework.boot.actuate.endpoint.mvc.HealthMvcEndpoint.invoke(java.security.Principal)
14:55:30.833 [main] INFO  o.s.b.a.e.mvc.EndpointHandlerMapping - Mapped "{[/mappings || /mappings.json],methods=[GET],produces=[application/json]}" onto public java.lang.Object org.springframework.boot.actuate.endpoint.mvc.EndpointMvcAdapter.invoke()
14:55:30.834 [main] INFO  o.s.b.a.e.mvc.EndpointHandlerMapping - Mapped "{[/trace || /trace.json],methods=[GET],produces=[application/json]}" onto public java.lang.Object org.springframework.boot.actuate.endpoint.mvc.EndpointMvcAdapter.invoke()
14:55:30.835 [main] INFO  o.s.b.a.e.mvc.EndpointHandlerMapping - Mapped "{[/dump || /dump.json],methods=[GET],produces=[application/json]}" onto public java.lang.Object org.springframework.boot.actuate.endpoint.mvc.EndpointMvcAdapter.invoke()
14:55:31.011 [main] INFO  o.s.ui.freemarker.SpringTemplateLoader - SpringTemplateLoader for FreeMarker: using resource loader [org.springframework.boot.context.embedded.AnnotationConfigEmbeddedWebApplicationContext@4cdd13d9: startup date [Mon Jan 28 14:55:22 CST 2019]; root of context hierarchy] and template loader path [classpath:/templates/]
14:55:31.013 [main] INFO  o.s.w.s.v.f.FreeMarkerConfigurer - ClassTemplateLoader for Spring macros added to FreeMarker configuration
14:55:31.034 [main] WARN  o.s.b.a.f.FreeMarkerAutoConfiguration - Cannot find template location(s): [classpath:/templates/] (please add some templates, check your FreeMarker configuration, or set spring.freemarker.checkTemplateLocation=false)
14:55:31.306 [main] INFO  o.s.j.e.a.AnnotationMBeanExporter - Registering beans for JMX exposure on startup
14:55:31.319 [main] INFO  o.s.c.support.DefaultLifecycleProcessor - Starting beans in phase 2147483647
14:55:31.417 [main] INFO  o.apache.coyote.http11.Http11NioProtocol - Initializing ProtocolHandler ["http-nio-9025"]
14:55:31.430 [main] INFO  o.apache.coyote.http11.Http11NioProtocol - Starting ProtocolHandler ["http-nio-9025"]
14:55:31.436 [main] INFO  o.apache.tomcat.util.net.NioSelectorPool - Using a shared selector for servlet write/read
14:55:31.480 [main] INFO  o.s.b.c.e.t.TomcatEmbeddedServletContainer - Tomcat started on port(s): 9025 (http)
14:55:31.492 [main] INFO  com.zbjdl.oa.wx.OaWxAppApplication - Started OaWxAppApplication in 9.631 seconds (JVM running for 10.323)
14:55:31.492 [main] INFO  com.zbjdl.oa.wx.OaWxAppApplication - Spring boot loaded
