2019-01-30 00:56:53.952 [Druid-ConnectionPool-Destroy-634430117] DEBUG druid.sql.Connection - {conn-10016} closed
2019-01-30 00:56:53.964 [Druid-ConnectionPool-Destroy-634430117] DEBUG druid.sql.Connection - {conn-10017} closed
2019-01-30 00:56:53.965 [Druid-ConnectionPool-Destroy-634430117] DEBUG druid.sql.Connection - {conn-10018} closed
2019-01-30 00:56:53.966 [Druid-ConnectionPool-Destroy-634430117] DEBUG druid.sql.Connection - {conn-10019} closed
2019-01-30 01:00:54.011 [Druid-ConnectionPool-Destroy-634430117] DEBUG druid.sql.Connection - {conn-10020} closed
2019-01-30 09:16:06.451 [main] INFO  com.zbjdl.oa.OaWebApplication - Starting OaWebApplication on localhost with PID 1081 (/Users/zhengy/Documents/github_zbjdl/zbjdl-oa/oa-web/target/classes started by zhengy in /Users/zhengy/Documents/github_zbjdl/zbjdl-oa/oa-web)
2019-01-30 09:16:06.464 [main] INFO  com.zbjdl.oa.OaWebApplication - The following profiles are active: default
2019-01-30 09:16:06.464 [pool-1-thread-1] INFO  o.h.validator.internal.util.Version - HV000001: Hibernate Validator 5.2.2.Final
2019-01-30 09:16:06.688 [main] INFO  o.s.b.c.e.AnnotationConfigEmbeddedWebApplicationContext - Refreshing org.springframework.boot.context.embedded.AnnotationConfigEmbeddedWebApplicationContext@aaebbd2: startup date [Wed Jan 30 09:16:06 CST 2019]; root of context hierarchy
2019-01-30 09:16:11.233 [main] INFO  o.s.b.f.xml.XmlBeanDefinitionReader - Loading XML bean definitions from URL [file:/Users/zhengy/Documents/github_zbjdl/zbjdl-oa/oa-web/target/classes/applicationContext-provider.xml]
2019-01-30 09:16:11.568 [main] INFO  o.s.b.f.xml.XmlBeanDefinitionReader - Loading XML bean definitions from URL [file:/Users/zhengy/Documents/github_zbjdl/zbjdl-oa/oa-web/target/classes/applicationContext-consumer.xml]
2019-01-30 09:16:12.378 [main] INFO  o.s.b.f.s.DefaultListableBeanFactory - Overriding bean definition for bean 'beanNameViewResolver' with a different definition: replacing [Root bean: class [null]; scope=; abstract=false; lazyInit=false; autowireMode=3; dependencyCheck=0; autowireCandidate=true; primary=false; factoryBeanName=org.springframework.boot.autoconfigure.web.ErrorMvcAutoConfiguration$WhitelabelErrorViewConfiguration; factoryMethodName=beanNameViewResolver; initMethodName=null; destroyMethodName=(inferred); defined in class path resource [org/springframework/boot/autoconfigure/web/ErrorMvcAutoConfiguration$WhitelabelErrorViewConfiguration.class]] with [Root bean: class [null]; scope=; abstract=false; lazyInit=false; autowireMode=3; dependencyCheck=0; autowireCandidate=true; primary=false; factoryBeanName=org.springframework.boot.autoconfigure.web.WebMvcAutoConfiguration$WebMvcAutoConfigurationAdapter; factoryMethodName=beanNameViewResolver; initMethodName=null; destroyMethodName=(inferred); defined in class path resource [org/springframework/boot/autoconfigure/web/WebMvcAutoConfiguration$WebMvcAutoConfigurationAdapter.class]]
2019-01-30 09:16:14.377 [main] WARN  o.s.b.f.s.DefaultListableBeanFactory - Bean creation exception on FactoryBean type check: org.springframework.beans.factory.BeanCreationException: Error creating bean with name 'weixinUserService': Invocation of init method failed; nested exception is org.springframework.beans.factory.BeanCreationException: Error creating bean with name 'application' defined in class path resource [com/zbjdl/common/utils/springboot/autoconfigure/dubbo/DubboAutoConfiguration.class]: Bean instantiation via factory method failed; nested exception is org.springframework.beans.BeanInstantiationException: Failed to instantiate [com.alibaba.dubbo.config.ApplicationConfig]: Circular reference involving containing bean 'com.zbjdl.common.utils.springboot.autoconfigure.dubbo.DubboAutoConfiguration' - consider declaring the factory method as static for independence from its containing instance. Factory method 'application' threw exception; nested exception is java.lang.NullPointerException
2019-01-30 09:16:14.386 [main] INFO  o.s.c.s.PostProcessorRegistrationDelegate$BeanPostProcessorChecker - Bean 'com.zbjdl.common.utils.springboot.autoconfigure.dubbo.DubboAutoConfiguration$ServerPropertiesConfiguration' of type [class com.zbjdl.common.utils.springboot.autoconfigure.dubbo.DubboAutoConfiguration$ServerPropertiesConfiguration$$EnhancerBySpringCGLIB$$2c1f256c] is not eligible for getting processed by all BeanPostProcessors (for example: not eligible for auto-proxying)
2019-01-30 09:16:14.779 [main] WARN  o.s.b.f.s.DefaultListableBeanFactory - Bean creation exception on FactoryBean type check: org.springframework.beans.factory.BeanCreationException: Error creating bean with name 'weixinUserService': Invocation of init method failed; nested exception is org.springframework.beans.factory.BeanCreationException: Error creating bean with name 'application' defined in class path resource [com/zbjdl/common/utils/springboot/autoconfigure/dubbo/DubboAutoConfiguration.class]: Bean instantiation via factory method failed; nested exception is org.springframework.beans.BeanInstantiationException: Failed to instantiate [com.alibaba.dubbo.config.ApplicationConfig]: Circular reference involving containing bean 'com.zbjdl.common.utils.springboot.autoconfigure.dubbo.DubboAutoConfiguration' - consider declaring the factory method as static for independence from its containing instance. Factory method 'application' threw exception; nested exception is java.lang.NullPointerException
2019-01-30 09:16:15.050 [main] INFO  o.s.c.s.PostProcessorRegistrationDelegate$BeanPostProcessorChecker - Bean 'org.hibernate.validator.internal.constraintvalidators.bv.NotNullValidator' of type [class org.hibernate.validator.internal.constraintvalidators.bv.NotNullValidator] is not eligible for getting processed by all BeanPostProcessors (for example: not eligible for auto-proxying)
2019-01-30 09:16:15.068 [main] INFO  o.s.c.s.PostProcessorRegistrationDelegate$BeanPostProcessorChecker - Bean 'serverProperties' of type [class org.springframework.boot.autoconfigure.web.ServerProperties] is not eligible for getting processed by all BeanPostProcessors (for example: not eligible for auto-proxying)
2019-01-30 09:16:15.094 [main] WARN  o.s.b.f.s.DefaultListableBeanFactory - Bean creation exception on FactoryBean type check: org.springframework.beans.factory.BeanCreationException: Error creating bean with name 'weixinUserService': Invocation of init method failed; nested exception is org.springframework.beans.factory.BeanCreationException: Error creating bean with name 'application' defined in class path resource [com/zbjdl/common/utils/springboot/autoconfigure/dubbo/DubboAutoConfiguration.class]: Bean instantiation via factory method failed; nested exception is org.springframework.beans.BeanInstantiationException: Failed to instantiate [com.alibaba.dubbo.config.ApplicationConfig]: Circular reference involving containing bean 'com.zbjdl.common.utils.springboot.autoconfigure.dubbo.DubboAutoConfiguration' - consider declaring the factory method as static for independence from its containing instance. Factory method 'application' threw exception; nested exception is java.lang.NullPointerException
2019-01-30 09:16:15.144 [main] INFO  o.s.c.s.PostProcessorRegistrationDelegate$BeanPostProcessorChecker - Bean 'zbjdl.dubbo.CONFIGURATION_PROPERTIES' of type [class com.zbjdl.common.utils.springboot.autoconfigure.dubbo.DubboProperties] is not eligible for getting processed by all BeanPostProcessors (for example: not eligible for auto-proxying)
2019-01-30 09:16:15.150 [main] INFO  o.s.c.s.PostProcessorRegistrationDelegate$BeanPostProcessorChecker - Bean 'com.zbjdl.common.utils.springboot.autoconfigure.dubbo.DubboAutoConfiguration' of type [class com.zbjdl.common.utils.springboot.autoconfigure.dubbo.DubboAutoConfiguration$$EnhancerBySpringCGLIB$$d903f370] is not eligible for getting processed by all BeanPostProcessors (for example: not eligible for auto-proxying)
2019-01-30 09:16:15.228 [main] INFO  o.s.c.s.PostProcessorRegistrationDelegate$BeanPostProcessorChecker - Bean 'consumerConfig' of type [class com.alibaba.dubbo.config.ConsumerConfig] is not eligible for getting processed by all BeanPostProcessors (for example: not eligible for auto-proxying)
2019-01-30 09:16:15.252 [main] INFO  o.s.c.s.PostProcessorRegistrationDelegate$BeanPostProcessorChecker - Bean 'application' of type [class com.alibaba.dubbo.config.ApplicationConfig] is not eligible for getting processed by all BeanPostProcessors (for example: not eligible for auto-proxying)
2019-01-30 09:16:15.304 [main] INFO  o.s.c.s.PostProcessorRegistrationDelegate$BeanPostProcessorChecker - Bean 'registry' of type [class com.alibaba.dubbo.config.RegistryConfig] is not eligible for getting processed by all BeanPostProcessors (for example: not eligible for auto-proxying)
2019-01-30 09:16:15.313 [main] INFO  o.s.c.s.PostProcessorRegistrationDelegate$BeanPostProcessorChecker - Bean 'weixinService' of type [class com.alibaba.dubbo.config.spring.ReferenceBean] is not eligible for getting processed by all BeanPostProcessors (for example: not eligible for auto-proxying)
2019-01-30 09:16:15.331 [main] INFO  o.s.c.s.PostProcessorRegistrationDelegate$BeanPostProcessorChecker - Bean 'weixinUserService' of type [class com.alibaba.dubbo.config.spring.ReferenceBean] is not eligible for getting processed by all BeanPostProcessors (for example: not eligible for auto-proxying)
2019-01-30 09:16:15.458 [main] INFO  o.s.c.s.PostProcessorRegistrationDelegate$BeanPostProcessorChecker - Bean 'mybatis.CONFIGURATION_PROPERTIES' of type [class org.mybatis.spring.boot.autoconfigure.MybatisProperties] is not eligible for getting processed by all BeanPostProcessors (for example: not eligible for auto-proxying)
2019-01-30 09:16:15.462 [main] INFO  o.s.c.s.PostProcessorRegistrationDelegate$BeanPostProcessorChecker - Bean 'org.mybatis.spring.boot.autoconfigure.MybatisAutoConfiguration' of type [class org.mybatis.spring.boot.autoconfigure.MybatisAutoConfiguration$$EnhancerBySpringCGLIB$$53de206b] is not eligible for getting processed by all BeanPostProcessors (for example: not eligible for auto-proxying)
2019-01-30 09:16:15.566 [main] INFO  o.s.c.s.PostProcessorRegistrationDelegate$BeanPostProcessorChecker - Bean 'spring.datasource.CONFIGURATION_PROPERTIES' of type [class org.springframework.boot.autoconfigure.jdbc.DataSourceProperties] is not eligible for getting processed by all BeanPostProcessors (for example: not eligible for auto-proxying)
2019-01-30 09:16:15.567 [main] INFO  o.s.c.s.PostProcessorRegistrationDelegate$BeanPostProcessorChecker - Bean 'org.springframework.boot.autoconfigure.jdbc.DataSourceAutoConfiguration$NonEmbeddedConfiguration' of type [class org.springframework.boot.autoconfigure.jdbc.DataSourceAutoConfiguration$NonEmbeddedConfiguration] is not eligible for getting processed by all BeanPostProcessors (for example: not eligible for auto-proxying)
2019-01-30 09:16:16.602 [main] INFO  o.s.c.s.PostProcessorRegistrationDelegate$BeanPostProcessorChecker - Bean 'dataSource' of type [class com.alibaba.druid.pool.DruidDataSource] is not eligible for getting processed by all BeanPostProcessors (for example: not eligible for auto-proxying)
2019-01-30 09:16:17.497 [main] INFO  o.s.c.s.PostProcessorRegistrationDelegate$BeanPostProcessorChecker - Bean 'sqlSessionFactory' of type [class org.apache.ibatis.session.defaults.DefaultSqlSessionFactory] is not eligible for getting processed by all BeanPostProcessors (for example: not eligible for auto-proxying)
2019-01-30 09:16:17.520 [main] INFO  o.s.c.s.PostProcessorRegistrationDelegate$BeanPostProcessorChecker - Bean 'sqlSessionTemplate' of type [class org.mybatis.spring.SqlSessionTemplate] is not eligible for getting processed by all BeanPostProcessors (for example: not eligible for auto-proxying)
2019-01-30 09:16:17.521 [main] INFO  o.s.c.s.PostProcessorRegistrationDelegate$BeanPostProcessorChecker - Bean 'userInfoRepository' of type [class org.mybatis.spring.mapper.MapperFactoryBean] is not eligible for getting processed by all BeanPostProcessors (for example: not eligible for auto-proxying)
2019-01-30 09:16:17.684 [main] INFO  o.s.c.s.PostProcessorRegistrationDelegate$BeanPostProcessorChecker - Bean 'org.springframework.transaction.annotation.ProxyTransactionManagementConfiguration' of type [class org.springframework.transaction.annotation.ProxyTransactionManagementConfiguration$$EnhancerBySpringCGLIB$$fd7c353b] is not eligible for getting processed by all BeanPostProcessors (for example: not eligible for auto-proxying)
2019-01-30 09:16:18.273 [main] INFO  o.s.b.c.e.t.TomcatEmbeddedServletContainer - Tomcat initialized with port(s): 8088 (http)
2019-01-30 09:16:18.290 [main] INFO  org.apache.catalina.core.StandardService - Starting service Tomcat
2019-01-30 09:16:18.292 [main] INFO  org.apache.catalina.core.StandardEngine - Starting Servlet Engine: Apache Tomcat/8.0.30
2019-01-30 09:16:18.445 [localhost-startStop-1] INFO  o.a.c.c.C.[Tomcat].[localhost].[/oa-web] - Initializing Spring embedded WebApplicationContext
2019-01-30 09:16:18.446 [localhost-startStop-1] INFO  o.s.web.context.ContextLoader - Root WebApplicationContext: initialization completed in 11757 ms
2019-01-30 09:16:19.265 [localhost-startStop-1] INFO  o.s.b.c.embedded.ServletRegistrationBean - Mapping servlet: 'statViewServlet' to [/druid/*]
2019-01-30 09:16:19.268 [localhost-startStop-1] INFO  o.s.b.c.embedded.ServletRegistrationBean - Mapping servlet: 'soa' to [/soa/*]
2019-01-30 09:16:19.269 [localhost-startStop-1] INFO  o.s.b.c.embedded.ServletRegistrationBean - Mapping servlet: 'dispatcherServlet' to [/]
2019-01-30 09:16:19.269 [localhost-startStop-1] INFO  o.s.b.c.embedded.ServletRegistrationBean - Mapping servlet: 'soa' to [/soa/*]
2019-01-30 09:16:19.269 [localhost-startStop-1] INFO  o.s.b.c.embedded.ServletRegistrationBean - Servlet soa was not registered (possibly already registered?)
2019-01-30 09:16:19.275 [localhost-startStop-1] INFO  o.s.b.c.embedded.FilterRegistrationBean - Mapping filter: 'metricFilter' to: [/*]
2019-01-30 09:16:19.276 [localhost-startStop-1] INFO  o.s.b.c.embedded.FilterRegistrationBean - Mapping filter: 'characterEncodingFilter' to: [/*]
2019-01-30 09:16:19.276 [localhost-startStop-1] INFO  o.s.b.c.embedded.FilterRegistrationBean - Mapping filter: 'hiddenHttpMethodFilter' to: [/*]
2019-01-30 09:16:19.276 [localhost-startStop-1] INFO  o.s.b.c.embedded.FilterRegistrationBean - Mapping filter: 'httpPutFormContentFilter' to: [/*]
2019-01-30 09:16:19.277 [localhost-startStop-1] INFO  o.s.b.c.embedded.FilterRegistrationBean - Mapping filter: 'requestContextFilter' to: [/*]
2019-01-30 09:16:19.277 [localhost-startStop-1] INFO  o.s.b.c.embedded.FilterRegistrationBean - Mapping filter: 'webRequestLoggingFilter' to: [/*]
2019-01-30 09:16:19.277 [localhost-startStop-1] INFO  o.s.b.c.embedded.FilterRegistrationBean - Mapping filter: 'webStatFilter' to urls: [/*]
2019-01-30 09:16:19.277 [localhost-startStop-1] INFO  o.s.b.c.embedded.FilterRegistrationBean - Mapping filter: 'applicationContextIdFilter' to: [/*]
2019-01-30 09:16:19.461 [main] INFO  c.z.c.u.s.a.dubbo.DubboAutoConfiguration - ### get port:8088
2019-01-30 09:16:19.825 [main] INFO  o.s.w.s.m.m.a.RequestMappingHandlerAdapter - Looking for @ControllerAdvice: org.springframework.boot.context.embedded.AnnotationConfigEmbeddedWebApplicationContext@aaebbd2: startup date [Wed Jan 30 09:16:06 CST 2019]; root of context hierarchy
2019-01-30 09:16:19.997 [main] INFO  o.s.w.s.m.m.a.RequestMappingHandlerMapping - Mapped "{[/error]}" onto public org.springframework.http.ResponseEntity<java.util.Map<java.lang.String, java.lang.Object>> org.springframework.boot.autoconfigure.web.BasicErrorController.error(javax.servlet.http.HttpServletRequest)
2019-01-30 09:16:19.998 [main] INFO  o.s.w.s.m.m.a.RequestMappingHandlerMapping - Mapped "{[/error],produces=[text/html]}" onto public org.springframework.web.servlet.ModelAndView org.springframework.boot.autoconfigure.web.BasicErrorController.errorHtml(javax.servlet.http.HttpServletRequest,javax.servlet.http.HttpServletResponse)
2019-01-30 09:16:20.004 [main] INFO  o.s.w.s.m.m.a.RequestMappingHandlerMapping - Mapped "{[/offline]}" onto public java.lang.String com.zbjdl.common.utils.springboot.actuator.endpoint.PublishOperationEndpoint.offline(javax.servlet.http.HttpServletRequest)
2019-01-30 09:16:20.004 [main] INFO  o.s.w.s.m.m.a.RequestMappingHandlerMapping - Mapped "{[/online]}" onto public java.lang.String com.zbjdl.common.utils.springboot.actuator.endpoint.PublishOperationEndpoint.online(javax.servlet.http.HttpServletRequest)
2019-01-30 09:16:20.005 [main] INFO  o.s.w.s.m.m.a.RequestMappingHandlerMapping - Mapped "{[/offline-dubbo]}" onto public java.lang.String com.zbjdl.common.utils.springboot.actuator.endpoint.DubboOperationEndpoint.offline(javax.servlet.http.HttpServletRequest)
2019-01-30 09:16:20.006 [main] INFO  o.s.w.s.m.m.a.RequestMappingHandlerMapping - Mapped "{[/online-dubbo]}" onto public java.lang.String com.zbjdl.common.utils.springboot.actuator.endpoint.DubboOperationEndpoint.online()
2019-01-30 09:16:20.077 [main] INFO  o.s.w.s.handler.SimpleUrlHandlerMapping - Mapped URL path [/**] onto handler of type [class org.springframework.web.servlet.resource.ResourceHttpRequestHandler]
2019-01-30 09:16:20.078 [main] INFO  o.s.w.s.handler.SimpleUrlHandlerMapping - Mapped URL path [/webjars/**] onto handler of type [class org.springframework.web.servlet.resource.ResourceHttpRequestHandler]
2019-01-30 09:16:20.186 [main] INFO  o.s.w.s.handler.SimpleUrlHandlerMapping - Mapped URL path [/**/favicon.ico] onto handler of type [class org.springframework.web.servlet.resource.ResourceHttpRequestHandler]
2019-01-30 09:16:22.891 [main] INFO  o.s.b.a.e.mvc.EndpointHandlerMapping - Mapped "{[/configprops || /configprops.json],methods=[GET],produces=[application/json]}" onto public java.lang.Object org.springframework.boot.actuate.endpoint.mvc.EndpointMvcAdapter.invoke()
2019-01-30 09:16:22.913 [main] INFO  o.s.b.a.e.mvc.EndpointHandlerMapping - Mapped "{[/info || /info.json],methods=[GET],produces=[application/json]}" onto public java.lang.Object org.springframework.boot.actuate.endpoint.mvc.EndpointMvcAdapter.invoke()
2019-01-30 09:16:22.919 [main] INFO  o.s.b.a.e.mvc.EndpointHandlerMapping - Mapped "{[/health || /health.json],produces=[application/json]}" onto public java.lang.Object org.springframework.boot.actuate.endpoint.mvc.HealthMvcEndpoint.invoke(java.security.Principal)
2019-01-30 09:16:22.925 [main] INFO  o.s.b.a.e.mvc.EndpointHandlerMapping - Mapped "{[/env/{name:.*}],methods=[GET],produces=[application/json]}" onto public java.lang.Object org.springframework.boot.actuate.endpoint.mvc.EnvironmentMvcEndpoint.value(java.lang.String)
2019-01-30 09:16:22.925 [main] INFO  o.s.b.a.e.mvc.EndpointHandlerMapping - Mapped "{[/env || /env.json],methods=[GET],produces=[application/json]}" onto public java.lang.Object org.springframework.boot.actuate.endpoint.mvc.EndpointMvcAdapter.invoke()
2019-01-30 09:16:22.926 [main] INFO  o.s.b.a.e.mvc.EndpointHandlerMapping - Mapped "{[/trace || /trace.json],methods=[GET],produces=[application/json]}" onto public java.lang.Object org.springframework.boot.actuate.endpoint.mvc.EndpointMvcAdapter.invoke()
2019-01-30 09:16:22.927 [main] INFO  o.s.b.a.e.mvc.EndpointHandlerMapping - Mapped "{[/dump || /dump.json],methods=[GET],produces=[application/json]}" onto public java.lang.Object org.springframework.boot.actuate.endpoint.mvc.EndpointMvcAdapter.invoke()
2019-01-30 09:16:22.951 [main] INFO  o.s.b.a.e.mvc.EndpointHandlerMapping - Mapped "{[/metrics/{name:.*}],methods=[GET],produces=[application/json]}" onto public java.lang.Object org.springframework.boot.actuate.endpoint.mvc.MetricsMvcEndpoint.value(java.lang.String)
2019-01-30 09:16:22.952 [main] INFO  o.s.b.a.e.mvc.EndpointHandlerMapping - Mapped "{[/metrics || /metrics.json],methods=[GET],produces=[application/json]}" onto public java.lang.Object org.springframework.boot.actuate.endpoint.mvc.EndpointMvcAdapter.invoke()
2019-01-30 09:16:22.953 [main] INFO  o.s.b.a.e.mvc.EndpointHandlerMapping - Mapped "{[/dubbo || /dubbo.json],methods=[GET],produces=[application/json]}" onto public java.lang.Object org.springframework.boot.actuate.endpoint.mvc.EndpointMvcAdapter.invoke()
2019-01-30 09:16:22.955 [main] INFO  o.s.b.a.e.mvc.EndpointHandlerMapping - Mapped "{[/governance/offline-dubbo]}" onto public java.lang.String com.zbjdl.common.utils.springboot.actuator.endpoint.DubboOperationEndpoint.offline(javax.servlet.http.HttpServletRequest)
2019-01-30 09:16:22.956 [main] INFO  o.s.b.a.e.mvc.EndpointHandlerMapping - Mapped "{[/governance/online-dubbo]}" onto public java.lang.String com.zbjdl.common.utils.springboot.actuator.endpoint.DubboOperationEndpoint.online()
2019-01-30 09:16:22.957 [main] INFO  o.s.b.a.e.mvc.EndpointHandlerMapping - Mapped "{[/governance/offline]}" onto public java.lang.String com.zbjdl.common.utils.springboot.actuator.endpoint.PublishOperationEndpoint.offline(javax.servlet.http.HttpServletRequest)
2019-01-30 09:16:22.958 [main] INFO  o.s.b.a.e.mvc.EndpointHandlerMapping - Mapped "{[/governance/online]}" onto public java.lang.String com.zbjdl.common.utils.springboot.actuator.endpoint.PublishOperationEndpoint.online(javax.servlet.http.HttpServletRequest)
2019-01-30 09:16:22.960 [main] INFO  o.s.b.a.e.mvc.EndpointHandlerMapping - Mapped "{[/beans || /beans.json],methods=[GET],produces=[application/json]}" onto public java.lang.Object org.springframework.boot.actuate.endpoint.mvc.EndpointMvcAdapter.invoke()
2019-01-30 09:16:22.961 [main] INFO  o.s.b.a.e.mvc.EndpointHandlerMapping - Mapped "{[/mappings || /mappings.json],methods=[GET],produces=[application/json]}" onto public java.lang.Object org.springframework.boot.actuate.endpoint.mvc.EndpointMvcAdapter.invoke()
2019-01-30 09:16:22.963 [main] INFO  o.s.b.a.e.mvc.EndpointHandlerMapping - Mapped "{[/autoconfig || /autoconfig.json],methods=[GET],produces=[application/json]}" onto public java.lang.Object org.springframework.boot.actuate.endpoint.mvc.EndpointMvcAdapter.invoke()
2019-01-30 09:16:24.450 [main] INFO  o.s.j.e.a.AnnotationMBeanExporter - Registering beans for JMX exposure on startup
2019-01-30 09:16:24.456 [main] INFO  o.s.j.e.a.AnnotationMBeanExporter - Bean with name 'dataSource' has been autodetected for JMX exposure
2019-01-30 09:16:24.466 [main] INFO  o.s.j.e.a.AnnotationMBeanExporter - Located MBean 'dataSource': registering with JMX server as MBean [com.alibaba.druid.pool:name=dataSource,type=DruidDataSource]
2019-01-30 09:16:25.859 [main] INFO  o.apache.coyote.http11.Http11NioProtocol - Initializing ProtocolHandler ["http-nio-8088"]
2019-01-30 09:16:25.870 [main] INFO  o.apache.coyote.http11.Http11NioProtocol - Starting ProtocolHandler ["http-nio-8088"]
2019-01-30 09:16:25.874 [main] INFO  o.apache.tomcat.util.net.NioSelectorPool - Using a shared selector for servlet write/read
2019-01-30 09:16:25.902 [main] INFO  o.s.b.c.e.t.TomcatEmbeddedServletContainer - Tomcat started on port(s): 8088 (http)
2019-01-30 09:16:25.910 [main] INFO  com.zbjdl.oa.OaWebApplication - Started OaWebApplication in 21.191 seconds (JVM running for 23.264)
2019-01-30 09:16:25.910 [main] INFO  com.zbjdl.oa.OaWebApplication - Spring boot loaded------------------oa-web
2019-01-30 09:21:09.294 [http-nio-8088-exec-1] DEBUG druid.sql.Connection - {conn-10001} connected
2019-01-30 09:21:09.800 [http-nio-8088-exec-1] DEBUG druid.sql.Connection - {conn-10002} connected
2019-01-30 09:21:10.201 [http-nio-8088-exec-1] DEBUG druid.sql.Connection - {conn-10003} connected
2019-01-30 09:21:10.636 [http-nio-8088-exec-1] DEBUG druid.sql.Connection - {conn-10004} connected
2019-01-30 09:21:11.041 [http-nio-8088-exec-1] DEBUG druid.sql.Connection - {conn-10005} connected
2019-01-30 09:21:11.463 [http-nio-8088-exec-1] DEBUG druid.sql.Connection - {conn-10006} connected
2019-01-30 09:21:11.850 [http-nio-8088-exec-1] DEBUG druid.sql.Connection - {conn-10007} connected
2019-01-30 09:21:12.276 [http-nio-8088-exec-1] DEBUG druid.sql.Connection - {conn-10008} connected
2019-01-30 09:21:12.747 [http-nio-8088-exec-1] DEBUG druid.sql.Connection - {conn-10009} connected
2019-01-30 09:21:13.194 [http-nio-8088-exec-1] DEBUG druid.sql.Connection - {conn-10010} connected
2019-01-30 09:21:13.601 [http-nio-8088-exec-1] DEBUG druid.sql.Connection - {conn-10011} connected
2019-01-30 09:21:13.998 [http-nio-8088-exec-1] DEBUG druid.sql.Connection - {conn-10012} connected
2019-01-30 09:21:14.541 [http-nio-8088-exec-1] DEBUG druid.sql.Connection - {conn-10013} connected
2019-01-30 09:21:15.017 [http-nio-8088-exec-1] DEBUG druid.sql.Connection - {conn-10014} connected
2019-01-30 09:21:15.441 [http-nio-8088-exec-1] DEBUG druid.sql.Connection - {conn-10015} connected
2019-01-30 09:21:15.861 [http-nio-8088-exec-1] DEBUG druid.sql.Connection - {conn-10016} connected
2019-01-30 09:21:16.289 [http-nio-8088-exec-1] DEBUG druid.sql.Connection - {conn-10017} connected
2019-01-30 09:21:16.731 [http-nio-8088-exec-1] DEBUG druid.sql.Connection - {conn-10018} connected
2019-01-30 09:21:17.173 [http-nio-8088-exec-1] DEBUG druid.sql.Connection - {conn-10019} connected
2019-01-30 09:21:17.585 [http-nio-8088-exec-1] DEBUG druid.sql.Connection - {conn-10020} connected
2019-01-30 09:21:17.671 [http-nio-8088-exec-1] DEBUG druid.sql.Connection - {conn-10020} pool-connect
2019-01-30 09:21:17.679 [http-nio-8088-exec-1] DEBUG c.z.o.r.UserInfoRepository.selectById - ==>  Preparing: select id, user_name, mobile, password, city, duty, status, create_time, last_update_time, boss_user_id from user_info where ID = ? 
2019-01-30 09:21:17.695 [http-nio-8088-exec-1] DEBUG druid.sql.Statement - {conn-10020, pstmt-20000} created. 
select
     id,
    user_name,
    mobile,
    password,
    city,
    duty,
    status,
    create_time,
    last_update_time,
    boss_user_id 
    from user_info
    where ID = ?
2019-01-30 09:21:17.834 [http-nio-8088-exec-1] DEBUG c.z.o.r.UserInfoRepository.selectById - ==> Parameters: 307(Long)
2019-01-30 09:21:17.838 [http-nio-8088-exec-1] DEBUG druid.sql.Statement - {conn-10020, pstmt-20000} Parameters : [307]
2019-01-30 09:21:17.838 [http-nio-8088-exec-1] DEBUG druid.sql.Statement - {conn-10020, pstmt-20000} Types : [BIGINT]
2019-01-30 09:21:17.870 [http-nio-8088-exec-1] DEBUG druid.sql.Statement - {conn-10020, pstmt-20000} executed. 35.003 millis. 
select
     id,
    user_name,
    mobile,
    password,
    city,
    duty,
    status,
    create_time,
    last_update_time,
    boss_user_id 
    from user_info
    where ID = ?
2019-01-30 09:21:17.874 [http-nio-8088-exec-1] DEBUG druid.sql.ResultSet - {conn-10020, pstmt-20000, rs-50000} open
2019-01-30 09:21:17.876 [http-nio-8088-exec-1] DEBUG druid.sql.ResultSet - {conn-10020, pstmt-20000, rs-50000} Header: [id, user_name, mobile, password, city, duty, status, create_time, last_update_time, boss_user_id]
2019-01-30 09:21:17.899 [http-nio-8088-exec-1] DEBUG druid.sql.ResultSet - {conn-10020, pstmt-20000, rs-50000} Result: [307, zhangsan, null, c4681d2b2c1a6b0d2585c18f43c49a78, null, null, null, 2019-01-29 17:56:26.0, 2019-01-29 17:56:26.0, 307]
2019-01-30 09:21:17.901 [http-nio-8088-exec-1] DEBUG c.z.o.r.UserInfoRepository.selectById - <==      Total: 1
2019-01-30 09:21:17.902 [http-nio-8088-exec-1] DEBUG druid.sql.ResultSet - {conn-10020, pstmt-20000, rs-50000} closed
2019-01-30 09:21:17.902 [http-nio-8088-exec-1] DEBUG druid.sql.Statement - {conn-10020, pstmt-20000} closed
2019-01-30 09:21:17.903 [http-nio-8088-exec-1] DEBUG druid.sql.Connection - {conn-10020} pool-recycle
2019-01-30 09:21:44.651 [http-nio-8088-exec-3] DEBUG druid.sql.Connection - {conn-10020} pool-connect
2019-01-30 09:21:44.651 [http-nio-8088-exec-3] DEBUG c.z.o.r.UserInfoRepository.selectById - ==>  Preparing: select id, user_name, mobile, password, city, duty, status, create_time, last_update_time, boss_user_id from user_info where ID = ? 
2019-01-30 09:21:44.652 [http-nio-8088-exec-3] DEBUG druid.sql.Statement - {conn-10020, pstmt-20001} created. 
select
     id,
    user_name,
    mobile,
    password,
    city,
    duty,
    status,
    create_time,
    last_update_time,
    boss_user_id 
    from user_info
    where ID = ?
2019-01-30 09:21:44.653 [http-nio-8088-exec-3] DEBUG c.z.o.r.UserInfoRepository.selectById - ==> Parameters: 307(Long)
2019-01-30 09:21:44.654 [http-nio-8088-exec-3] DEBUG druid.sql.Statement - {conn-10020, pstmt-20001} Parameters : [307]
2019-01-30 09:21:44.654 [http-nio-8088-exec-3] DEBUG druid.sql.Statement - {conn-10020, pstmt-20001} Types : [BIGINT]
2019-01-30 09:21:44.680 [http-nio-8088-exec-3] DEBUG druid.sql.Statement - {conn-10020, pstmt-20001} executed. 26.234 millis. 
select
     id,
    user_name,
    mobile,
    password,
    city,
    duty,
    status,
    create_time,
    last_update_time,
    boss_user_id 
    from user_info
    where ID = ?
2019-01-30 09:21:44.680 [http-nio-8088-exec-3] DEBUG druid.sql.ResultSet - {conn-10020, pstmt-20001, rs-50001} open
2019-01-30 09:21:44.680 [http-nio-8088-exec-3] DEBUG druid.sql.ResultSet - {conn-10020, pstmt-20001, rs-50001} Header: [id, user_name, mobile, password, city, duty, status, create_time, last_update_time, boss_user_id]
2019-01-30 09:21:44.681 [http-nio-8088-exec-3] DEBUG druid.sql.ResultSet - {conn-10020, pstmt-20001, rs-50001} Result: [307, zhangsan, null, c4681d2b2c1a6b0d2585c18f43c49a78, null, null, null, 2019-01-29 17:56:26.0, 2019-01-29 17:56:26.0, 307]
2019-01-30 09:21:44.682 [http-nio-8088-exec-3] DEBUG c.z.o.r.UserInfoRepository.selectById - <==      Total: 1
2019-01-30 09:21:44.682 [http-nio-8088-exec-3] DEBUG druid.sql.ResultSet - {conn-10020, pstmt-20001, rs-50001} closed
2019-01-30 09:21:44.682 [http-nio-8088-exec-3] DEBUG druid.sql.Statement - {conn-10020, pstmt-20001} closed
2019-01-30 09:21:44.682 [http-nio-8088-exec-3] DEBUG druid.sql.Connection - {conn-10020} pool-recycle
2019-01-30 09:22:17.666 [Druid-ConnectionPool-Destroy-1324915256] DEBUG druid.sql.Connection - {conn-10001} closed
2019-01-30 09:22:17.667 [Druid-ConnectionPool-Destroy-1324915256] DEBUG druid.sql.Connection - {conn-10002} closed
2019-01-30 09:22:17.667 [Druid-ConnectionPool-Destroy-1324915256] DEBUG druid.sql.Connection - {conn-10003} closed
2019-01-30 09:22:17.667 [Druid-ConnectionPool-Destroy-1324915256] DEBUG druid.sql.Connection - {conn-10004} closed
2019-01-30 09:22:17.668 [Druid-ConnectionPool-Destroy-1324915256] DEBUG druid.sql.Connection - {conn-10005} closed
2019-01-30 09:22:17.668 [Druid-ConnectionPool-Destroy-1324915256] DEBUG druid.sql.Connection - {conn-10006} closed
2019-01-30 09:22:17.668 [Druid-ConnectionPool-Destroy-1324915256] DEBUG druid.sql.Connection - {conn-10007} closed
2019-01-30 09:22:17.669 [Druid-ConnectionPool-Destroy-1324915256] DEBUG druid.sql.Connection - {conn-10008} closed
2019-01-30 09:22:17.669 [Druid-ConnectionPool-Destroy-1324915256] DEBUG druid.sql.Connection - {conn-10009} closed
2019-01-30 09:22:17.669 [Druid-ConnectionPool-Destroy-1324915256] DEBUG druid.sql.Connection - {conn-10010} closed
2019-01-30 09:22:17.670 [Druid-ConnectionPool-Destroy-1324915256] DEBUG druid.sql.Connection - {conn-10011} closed
2019-01-30 09:22:17.670 [Druid-ConnectionPool-Destroy-1324915256] DEBUG druid.sql.Connection - {conn-10012} closed
2019-01-30 09:22:17.670 [Druid-ConnectionPool-Destroy-1324915256] DEBUG druid.sql.Connection - {conn-10013} closed
2019-01-30 09:22:17.671 [Druid-ConnectionPool-Destroy-1324915256] DEBUG druid.sql.Connection - {conn-10014} closed
2019-01-30 09:22:17.671 [Druid-ConnectionPool-Destroy-1324915256] DEBUG druid.sql.Connection - {conn-10015} closed
2019-01-30 09:22:22.295 [http-nio-8088-exec-5] DEBUG druid.sql.Connection - {conn-10020} pool-connect
2019-01-30 09:22:22.295 [http-nio-8088-exec-5] DEBUG c.z.o.r.UserInfoRepository.selectById - ==>  Preparing: select id, user_name, mobile, password, city, duty, status, create_time, last_update_time, boss_user_id from user_info where ID = ? 
2019-01-30 09:22:22.296 [http-nio-8088-exec-5] DEBUG druid.sql.Statement - {conn-10020, pstmt-20002} created. 
select
     id,
    user_name,
    mobile,
    password,
    city,
    duty,
    status,
    create_time,
    last_update_time,
    boss_user_id 
    from user_info
    where ID = ?
2019-01-30 09:22:22.296 [http-nio-8088-exec-5] DEBUG c.z.o.r.UserInfoRepository.selectById - ==> Parameters: 307(Long)
2019-01-30 09:22:22.297 [http-nio-8088-exec-5] DEBUG druid.sql.Statement - {conn-10020, pstmt-20002} Parameters : [307]
2019-01-30 09:22:22.297 [http-nio-8088-exec-5] DEBUG druid.sql.Statement - {conn-10020, pstmt-20002} Types : [BIGINT]
2019-01-30 09:22:22.326 [http-nio-8088-exec-5] DEBUG druid.sql.Statement - {conn-10020, pstmt-20002} executed. 29.245 millis. 
select
     id,
    user_name,
    mobile,
    password,
    city,
    duty,
    status,
    create_time,
    last_update_time,
    boss_user_id 
    from user_info
    where ID = ?
2019-01-30 09:22:22.326 [http-nio-8088-exec-5] DEBUG druid.sql.ResultSet - {conn-10020, pstmt-20002, rs-50002} open
2019-01-30 09:22:22.326 [http-nio-8088-exec-5] DEBUG druid.sql.ResultSet - {conn-10020, pstmt-20002, rs-50002} Header: [id, user_name, mobile, password, city, duty, status, create_time, last_update_time, boss_user_id]
2019-01-30 09:22:22.327 [http-nio-8088-exec-5] DEBUG druid.sql.ResultSet - {conn-10020, pstmt-20002, rs-50002} Result: [307, zhangsan, null, c4681d2b2c1a6b0d2585c18f43c49a78, null, null, null, 2019-01-29 17:56:26.0, 2019-01-29 17:56:26.0, 307]
2019-01-30 09:22:22.328 [http-nio-8088-exec-5] DEBUG c.z.o.r.UserInfoRepository.selectById - <==      Total: 1
2019-01-30 09:22:22.328 [http-nio-8088-exec-5] DEBUG druid.sql.ResultSet - {conn-10020, pstmt-20002, rs-50002} closed
2019-01-30 09:22:22.329 [http-nio-8088-exec-5] DEBUG druid.sql.Statement - {conn-10020, pstmt-20002} closed
2019-01-30 09:22:22.329 [http-nio-8088-exec-5] DEBUG druid.sql.Connection - {conn-10020} pool-recycle
2019-01-30 09:23:04.967 [http-nio-8088-exec-7] DEBUG druid.sql.Connection - {conn-10020} pool-connect
2019-01-30 09:23:04.968 [http-nio-8088-exec-7] DEBUG c.z.o.r.UserInfoRepository.selectById - ==>  Preparing: select id, user_name, mobile, password, city, duty, status, create_time, last_update_time, boss_user_id from user_info where ID = ? 
2019-01-30 09:23:04.968 [http-nio-8088-exec-7] DEBUG druid.sql.Statement - {conn-10020, pstmt-20003} created. 
select
     id,
    user_name,
    mobile,
    password,
    city,
    duty,
    status,
    create_time,
    last_update_time,
    boss_user_id 
    from user_info
    where ID = ?
2019-01-30 09:23:04.969 [http-nio-8088-exec-7] DEBUG c.z.o.r.UserInfoRepository.selectById - ==> Parameters: 307(Long)
2019-01-30 09:23:04.970 [http-nio-8088-exec-7] DEBUG druid.sql.Statement - {conn-10020, pstmt-20003} Parameters : [307]
2019-01-30 09:23:04.970 [http-nio-8088-exec-7] DEBUG druid.sql.Statement - {conn-10020, pstmt-20003} Types : [BIGINT]
2019-01-30 09:23:04.994 [http-nio-8088-exec-7] DEBUG druid.sql.Statement - {conn-10020, pstmt-20003} executed. 23.959 millis. 
select
     id,
    user_name,
    mobile,
    password,
    city,
    duty,
    status,
    create_time,
    last_update_time,
    boss_user_id 
    from user_info
    where ID = ?
2019-01-30 09:23:04.994 [http-nio-8088-exec-7] DEBUG druid.sql.ResultSet - {conn-10020, pstmt-20003, rs-50003} open
2019-01-30 09:23:04.994 [http-nio-8088-exec-7] DEBUG druid.sql.ResultSet - {conn-10020, pstmt-20003, rs-50003} Header: [id, user_name, mobile, password, city, duty, status, create_time, last_update_time, boss_user_id]
2019-01-30 09:23:04.994 [http-nio-8088-exec-7] DEBUG druid.sql.ResultSet - {conn-10020, pstmt-20003, rs-50003} Result: [307, zhangsan, null, c4681d2b2c1a6b0d2585c18f43c49a78, null, null, null, 2019-01-29 17:56:26.0, 2019-01-29 17:56:26.0, 307]
2019-01-30 09:23:04.995 [http-nio-8088-exec-7] DEBUG c.z.o.r.UserInfoRepository.selectById - <==      Total: 1
2019-01-30 09:23:04.995 [http-nio-8088-exec-7] DEBUG druid.sql.ResultSet - {conn-10020, pstmt-20003, rs-50003} closed
2019-01-30 09:23:04.995 [http-nio-8088-exec-7] DEBUG druid.sql.Statement - {conn-10020, pstmt-20003} closed
2019-01-30 09:23:04.995 [http-nio-8088-exec-7] DEBUG druid.sql.Connection - {conn-10020} pool-recycle
2019-01-30 09:23:28.079 [http-nio-8088-exec-9] DEBUG druid.sql.Connection - {conn-10020} pool-connect
2019-01-30 09:23:28.079 [http-nio-8088-exec-9] DEBUG c.z.o.r.UserInfoRepository.selectById - ==>  Preparing: select id, user_name, mobile, password, city, duty, status, create_time, last_update_time, boss_user_id from user_info where ID = ? 
2019-01-30 09:23:28.079 [http-nio-8088-exec-9] DEBUG druid.sql.Statement - {conn-10020, pstmt-20004} created. 
select
     id,
    user_name,
    mobile,
    password,
    city,
    duty,
    status,
    create_time,
    last_update_time,
    boss_user_id 
    from user_info
    where ID = ?
2019-01-30 09:23:28.080 [http-nio-8088-exec-9] DEBUG c.z.o.r.UserInfoRepository.selectById - ==> Parameters: 307(Long)
2019-01-30 09:23:28.081 [http-nio-8088-exec-9] DEBUG druid.sql.Statement - {conn-10020, pstmt-20004} Parameters : [307]
2019-01-30 09:23:28.081 [http-nio-8088-exec-9] DEBUG druid.sql.Statement - {conn-10020, pstmt-20004} Types : [BIGINT]
2019-01-30 09:23:28.112 [http-nio-8088-exec-9] DEBUG druid.sql.Statement - {conn-10020, pstmt-20004} executed. 31.037 millis. 
select
     id,
    user_name,
    mobile,
    password,
    city,
    duty,
    status,
    create_time,
    last_update_time,
    boss_user_id 
    from user_info
    where ID = ?
2019-01-30 09:23:28.112 [http-nio-8088-exec-9] DEBUG druid.sql.ResultSet - {conn-10020, pstmt-20004, rs-50004} open
2019-01-30 09:23:28.112 [http-nio-8088-exec-9] DEBUG druid.sql.ResultSet - {conn-10020, pstmt-20004, rs-50004} Header: [id, user_name, mobile, password, city, duty, status, create_time, last_update_time, boss_user_id]
2019-01-30 09:23:28.113 [http-nio-8088-exec-9] DEBUG druid.sql.ResultSet - {conn-10020, pstmt-20004, rs-50004} Result: [307, zhangsan, null, c4681d2b2c1a6b0d2585c18f43c49a78, null, null, null, 2019-01-29 17:56:26.0, 2019-01-29 17:56:26.0, 307]
2019-01-30 09:23:28.114 [http-nio-8088-exec-9] DEBUG c.z.o.r.UserInfoRepository.selectById - <==      Total: 1
2019-01-30 09:23:28.114 [http-nio-8088-exec-9] DEBUG druid.sql.ResultSet - {conn-10020, pstmt-20004, rs-50004} closed
2019-01-30 09:23:28.115 [http-nio-8088-exec-9] DEBUG druid.sql.Statement - {conn-10020, pstmt-20004} closed
2019-01-30 09:23:28.115 [http-nio-8088-exec-9] DEBUG druid.sql.Connection - {conn-10020} pool-recycle
2019-01-30 09:32:55.949 [http-nio-8088-exec-1] DEBUG druid.sql.Connection - {conn-10020} closed
2019-01-30 09:32:56.328 [Druid-ConnectionPool-Create-1324915256] DEBUG druid.sql.Connection - {conn-10021} connected
2019-01-30 09:32:56.956 [http-nio-8088-exec-1] DEBUG druid.sql.Connection - {conn-10019} closed
2019-01-30 09:32:56.957 [http-nio-8088-exec-1] DEBUG druid.sql.Connection - {conn-10021} pool-connect
2019-01-30 09:32:56.957 [http-nio-8088-exec-1] DEBUG c.z.o.r.UserInfoRepository.selectById - ==>  Preparing: select id, user_name, mobile, password, city, duty, status, create_time, last_update_time, boss_user_id from user_info where ID = ? 
2019-01-30 09:32:56.958 [http-nio-8088-exec-1] DEBUG druid.sql.Statement - {conn-10021, pstmt-20005} created. 
select
     id,
    user_name,
    mobile,
    password,
    city,
    duty,
    status,
    create_time,
    last_update_time,
    boss_user_id 
    from user_info
    where ID = ?
2019-01-30 09:32:56.959 [http-nio-8088-exec-1] DEBUG c.z.o.r.UserInfoRepository.selectById - ==> Parameters: 307(Long)
2019-01-30 09:32:56.959 [http-nio-8088-exec-1] DEBUG druid.sql.Statement - {conn-10021, pstmt-20005} Parameters : [307]
2019-01-30 09:32:56.959 [http-nio-8088-exec-1] DEBUG druid.sql.Statement - {conn-10021, pstmt-20005} Types : [BIGINT]
2019-01-30 09:32:56.988 [http-nio-8088-exec-1] DEBUG druid.sql.Statement - {conn-10021, pstmt-20005} executed. 29.527 millis. 
select
     id,
    user_name,
    mobile,
    password,
    city,
    duty,
    status,
    create_time,
    last_update_time,
    boss_user_id 
    from user_info
    where ID = ?
2019-01-30 09:32:56.989 [http-nio-8088-exec-1] DEBUG druid.sql.ResultSet - {conn-10021, pstmt-20005, rs-50005} open
2019-01-30 09:32:56.989 [http-nio-8088-exec-1] DEBUG druid.sql.ResultSet - {conn-10021, pstmt-20005, rs-50005} Header: [id, user_name, mobile, password, city, duty, status, create_time, last_update_time, boss_user_id]
2019-01-30 09:32:56.990 [http-nio-8088-exec-1] DEBUG druid.sql.ResultSet - {conn-10021, pstmt-20005, rs-50005} Result: [307, zhangsan, null, c4681d2b2c1a6b0d2585c18f43c49a78, null, null, null, 2019-01-29 17:56:26.0, 2019-01-29 17:56:26.0, 307]
2019-01-30 09:32:56.990 [http-nio-8088-exec-1] DEBUG c.z.o.r.UserInfoRepository.selectById - <==      Total: 1
2019-01-30 09:32:56.990 [http-nio-8088-exec-1] DEBUG druid.sql.ResultSet - {conn-10021, pstmt-20005, rs-50005} closed
2019-01-30 09:32:56.991 [http-nio-8088-exec-1] DEBUG druid.sql.Statement - {conn-10021, pstmt-20005} closed
2019-01-30 09:32:56.991 [http-nio-8088-exec-1] DEBUG druid.sql.Connection - {conn-10021} pool-recycle
2019-01-30 09:32:57.242 [Druid-ConnectionPool-Create-1324915256] DEBUG druid.sql.Connection - {conn-10022} connected
